Date and Time : Sat Jun 20 21:23:56 2026

[INFO]: configured...
[INFO]: Data read
[INFO]: looking into l1_d cache
[INFO]: block not found, looking if theres a space that can be freed..
[DEBUG]: Theres atleast one space here... cool
[INFO]: l1_d read miss...
[INFO]: looking into l2 for read
[INFO]: block not found, looking if theres a space that can be freed..
[DEBUG]: Theres atleast one space here... cool
[INFO]: l2 read miss...
[INFO]: looking into l3 for read
[INFO]: block not found, looking if theres a space that can be freed..
[DEBUG]: Theres atleast one space here... cool
[INFO]: l3 read miss... looking into memory now
[INFO]: block not found, looking if theres a space that can be freed..
[DEBUG]: Theres atleast one space here... cool
[INFO]: block not found, looking if theres a space that can be freed..
[DEBUG]: Theres atleast one space here... cool
[INFO]: block not found, looking if theres a space that can be freed..
[DEBUG]: Theres atleast one space here... cool
[INFO]: completing data read
[INFO]: Data write
[INFO]: cache hit !
[INFO]: Write hit at l1_d
[INFO]: completing write
[INFO]: Data read
[INFO]: looking into l1_d cache
[INFO]: block not found, looking if theres a space that can be freed..
[DEBUG]: Theres atleast one space here... cool
[INFO]: l1_d read miss...
[INFO]: looking into l2 for read
[INFO]: block not found, looking if theres a space that can be freed..
[DEBUG]: Theres atleast one space here... cool
[INFO]: l2 read miss...
[INFO]: looking into l3 for read
[INFO]: block not found, looking if theres a space that can be freed..
[DEBUG]: Theres atleast one space here... cool
[INFO]: l3 read miss... looking into memory now
[INFO]: block not found, looking if theres a space that can be freed..
[DEBUG]: Theres atleast one space here... cool
[INFO]: block not found, looking if theres a space that can be freed..
[DEBUG]: Theres atleast one space here... cool
[INFO]: block not found, looking if theres a space that can be freed..
[DEBUG]: Theres atleast one space here... cool
[INFO]: completing data read
[INFO]: Data read
[INFO]: looking into l1_d cache
[INFO]: block not found, looking if theres a space that can be freed..
[DEBUG]: Theres atleast one space here... cool
[INFO]: l1_d read miss...
[INFO]: looking into l2 for read
[INFO]: block not found, looking if theres a space that can be freed..
[DEBUG]: Theres atleast one space here... cool
[INFO]: l2 read miss...
[INFO]: looking into l3 for read
[INFO]: block not found, looking if theres a space that can be freed..
[DEBUG]: Theres atleast one space here... cool
[INFO]: l3 read miss... looking into memory now
[INFO]: block not found, looking if theres a space that can be freed..
[DEBUG]: Theres atleast one space here... cool
[INFO]: block not found, looking if theres a space that can be freed..
[DEBUG]: Theres atleast one space here... cool
[INFO]: block not found, looking if theres a space that can be freed..
[DEBUG]: Theres atleast one space here... cool
[DEBUG]: an invalid block was not found in the set
[INFO]: eviction requires writing back to l2
[INFO]: cache hit !
[INFO]: Write hit at l2
[INFO]: completing data read
[INFO]: Data read
[INFO]: looking into l1_d cache
[INFO]: block not found, looking if theres a space that can be freed..
[DEBUG]: Theres atleast one space here... cool
[INFO]: l1_d read miss...
[INFO]: looking into l2 for read
[FATAL]: structural hazard waow thats rare... actually impossible... somethings wrong bud !
Date and Time : Sat Jun 20 21:31:00 2026

[INFO]: configured...
[INFO]: Data read
[INFO]: looking into l1_d cache
[INFO]: block not found, looking if theres a space that can be freed..
[DEBUG]: Theres atleast one space here... cool
[INFO]: l1_d read miss...
[INFO]: looking into l2 for read
[INFO]: block not found, looking if theres a space that can be freed..
[DEBUG]: Theres atleast one space here... cool
[INFO]: l2 read miss...
[INFO]: looking into l3 for read
[INFO]: block not found, looking if theres a space that can be freed..
[DEBUG]: Theres atleast one space here... cool
[INFO]: l3 read miss... looking into memory now
[INFO]: block not found, looking if theres a space that can be freed..
[DEBUG]: Theres atleast one space here... cool
[INFO]: block not found, looking if theres a space that can be freed..
[DEBUG]: Theres atleast one space here... cool
[INFO]: block not found, looking if theres a space that can be freed..
[DEBUG]: Theres atleast one space here... cool
[INFO]: completing data read
[INFO]: Data write
[INFO]: cache hit !
[INFO]: Write hit at l1_d
[INFO]: completing write
[INFO]: Data read
[INFO]: looking into l1_d cache
[INFO]: block not found, looking if theres a space that can be freed..
[DEBUG]: Theres atleast one space here... cool
[INFO]: l1_d read miss...
[INFO]: looking into l2 for read
[INFO]: block not found, looking if theres a space that can be freed..
[DEBUG]: Theres atleast one space here... cool
[INFO]: l2 read miss...
[INFO]: looking into l3 for read
[INFO]: block not found, looking if theres a space that can be freed..
[DEBUG]: Theres atleast one space here... cool
[INFO]: l3 read miss... looking into memory now
[INFO]: block not found, looking if theres a space that can be freed..
[DEBUG]: Theres atleast one space here... cool
[INFO]: block not found, looking if theres a space that can be freed..
[DEBUG]: Theres atleast one space here... cool
[INFO]: block not found, looking if theres a space that can be freed..
[DEBUG]: Theres atleast one space here... cool
[INFO]: completing data read
[INFO]: Data read
[INFO]: looking into l1_d cache
[INFO]: block not found, looking if theres a space that can be freed..
[DEBUG]: Theres atleast one space here... cool
[INFO]: l1_d read miss...
[INFO]: looking into l2 for read
[INFO]: block not found, looking if theres a space that can be freed..
[DEBUG]: Theres atleast one space here... cool
[INFO]: l2 read miss...
[INFO]: looking into l3 for read
[INFO]: block not found, looking if theres a space that can be freed..
[DEBUG]: Theres atleast one space here... cool
[INFO]: l3 read miss... looking into memory now
[INFO]: block not found, looking if theres a space that can be freed..
[DEBUG]: Theres atleast one space here... cool
[INFO]: block not found, looking if theres a space that can be freed..
[DEBUG]: Theres atleast one space here... cool
[INFO]: block not found, looking if theres a space that can be freed..
[DEBUG]: Theres atleast one space here... cool
[DEBUG]: an invalid block was not found in the set
[INFO]: eviction requires writing back to l2
[INFO]: cache hit !
[INFO]: Write hit at l2
[INFO]: completing write
[INFO]: completing data read
[INFO]: Data read
[INFO]: looking into l1_d cache
[INFO]: block not found, looking if theres a space that can be freed..
[DEBUG]: Theres atleast one space here... cool
[INFO]: l1_d read miss...
[INFO]: looking into l2 for read
[INFO]: cache hit !
[INFO]: Cache hit at l2
[INFO]: block not found, looking if theres a space that can be freed..
[DEBUG]: Theres atleast one space here... cool
[DEBUG]: an invalid block was not found in the set
[INFO]: completing write
[INFO]: completing data read
Date and Time : Sat Jun 20 21:31:19 2026

[INFO]: configured...
[INFO]: Data read
[INFO]: looking into l1_d cache
[INFO]: block not found, looking if theres a space that can be freed..
[DEBUG]: Theres atleast one space here... cool
[INFO]: l1_d read miss...
[INFO]: looking into l2 for read
[INFO]: block not found, looking if theres a space that can be freed..
[DEBUG]: Theres atleast one space here... cool
[INFO]: l2 read miss...
[INFO]: looking into l3 for read
[INFO]: block not found, looking if theres a space that can be freed..
[DEBUG]: Theres atleast one space here... cool
[INFO]: l3 read miss... looking into memory now
[INFO]: block not found, looking if theres a space that can be freed..
[DEBUG]: Theres atleast one space here... cool
[INFO]: block not found, looking if theres a space that can be freed..
[DEBUG]: Theres atleast one space here... cool
[INFO]: block not found, looking if theres a space that can be freed..
[DEBUG]: Theres atleast one space here... cool
[INFO]: completing data read
[INFO]: Data write
[INFO]: cache hit !
[INFO]: Write hit at l1_d
[INFO]: completing write
[INFO]: Data read
[INFO]: looking into l1_d cache
[INFO]: block not found, looking if theres a space that can be freed..
[DEBUG]: Theres atleast one space here... cool
[INFO]: l1_d read miss...
[INFO]: looking into l2 for read
[INFO]: block not found, looking if theres a space that can be freed..
[DEBUG]: Theres atleast one space here... cool
[INFO]: l2 read miss...
[INFO]: looking into l3 for read
[INFO]: block not found, looking if theres a space that can be freed..
[DEBUG]: Theres atleast one space here... cool
[INFO]: l3 read miss... looking into memory now
[INFO]: block not found, looking if theres a space that can be freed..
[DEBUG]: Theres atleast one space here... cool
[INFO]: block not found, looking if theres a space that can be freed..
[DEBUG]: Theres atleast one space here... cool
[INFO]: block not found, looking if theres a space that can be freed..
[DEBUG]: Theres atleast one space here... cool
[INFO]: completing data read
[INFO]: Data read
[INFO]: looking into l1_d cache
[INFO]: block not found, looking if theres a space that can be freed..
[DEBUG]: Theres atleast one space here... cool
[INFO]: l1_d read miss...
[INFO]: looking into l2 for read
[INFO]: block not found, looking if theres a space that can be freed..
[DEBUG]: Theres atleast one space here... cool
[INFO]: l2 read miss...
[INFO]: looking into l3 for read
[INFO]: block not found, looking if theres a space that can be freed..
[DEBUG]: Theres atleast one space here... cool
[INFO]: l3 read miss... looking into memory now
[INFO]: block not found, looking if theres a space that can be freed..
[DEBUG]: Theres atleast one space here... cool
[INFO]: block not found, looking if theres a space that can be freed..
[DEBUG]: Theres atleast one space here... cool
[INFO]: block not found, looking if theres a space that can be freed..
[DEBUG]: Theres atleast one space here... cool
[DEBUG]: an invalid block was not found in the set
[INFO]: eviction requires writing back to l2
[INFO]: cache hit !
[INFO]: Write hit at l2
[INFO]: completing write
[INFO]: completing data read
[INFO]: Data read
[INFO]: looking into l1_d cache
[INFO]: block not found, looking if theres a space that can be freed..
[DEBUG]: Theres atleast one space here... cool
[INFO]: l1_d read miss...
[INFO]: looking into l2 for read
[INFO]: cache hit !
[INFO]: Cache hit at l2
[INFO]: block not found, looking if theres a space that can be freed..
[DEBUG]: Theres atleast one space here... cool
[DEBUG]: an invalid block was not found in the set
[INFO]: completing write
[INFO]: completing data read
Date and Time : Sat Jun 20 22:12:18 2026

[INFO]: configured...
[INFO]: Data read
[INFO]: looking into l1_d cache
[INFO]: block not found, looking if theres a space that can be freed..
[DEBUG]: Theres atleast one space here... cool
[INFO]: l1_d read miss...
[INFO]: looking into l2 for read
[INFO]: block not found, looking if theres a space that can be freed..
[DEBUG]: Theres atleast one space here... cool
[INFO]: l2 read miss...
[INFO]: looking into l3 for read
[INFO]: block not found, looking if theres a space that can be freed..
[DEBUG]: Theres atleast one space here... cool
[INFO]: l3 read miss... looking into memory now
[INFO]: block not found, looking if theres a space that can be freed..
[DEBUG]: Theres atleast one space here... cool
[INFO]: block not found, looking if theres a space that can be freed..
[DEBUG]: Theres atleast one space here... cool
[INFO]: block not found, looking if theres a space that can be freed..
[DEBUG]: Theres atleast one space here... cool
[INFO]: completing data read
[INFO]: Data write
[INFO]: cache hit !
[INFO]: Write hit at l1_d
[INFO]: completing write
[INFO]: Data read
[INFO]: looking into l1_d cache
[INFO]: block not found, looking if theres a space that can be freed..
[DEBUG]: Theres atleast one space here... cool
[INFO]: l1_d read miss...
[INFO]: looking into l2 for read
[INFO]: block not found, looking if theres a space that can be freed..
[DEBUG]: Theres atleast one space here... cool
[INFO]: l2 read miss...
[INFO]: looking into l3 for read
[INFO]: block not found, looking if theres a space that can be freed..
[DEBUG]: Theres atleast one space here... cool
[INFO]: l3 read miss... looking into memory now
[INFO]: block not found, looking if theres a space that can be freed..
[DEBUG]: Theres atleast one space here... cool
[INFO]: block not found, looking if theres a space that can be freed..
[DEBUG]: Theres atleast one space here... cool
[INFO]: block not found, looking if theres a space that can be freed..
[DEBUG]: Theres atleast one space here... cool
[INFO]: completing data read
[INFO]: Data read
[INFO]: looking into l1_d cache
[INFO]: block not found, looking if theres a space that can be freed..
[DEBUG]: Theres atleast one space here... cool
[INFO]: l1_d read miss...
[INFO]: looking into l2 for read
[INFO]: block not found, looking if theres a space that can be freed..
[DEBUG]: Theres atleast one space here... cool
[INFO]: l2 read miss...
[INFO]: looking into l3 for read
[INFO]: block not found, looking if theres a space that can be freed..
[DEBUG]: Theres atleast one space here... cool
[INFO]: l3 read miss... looking into memory now
[INFO]: block not found, looking if theres a space that can be freed..
[DEBUG]: Theres atleast one space here... cool
[INFO]: block not found, looking if theres a space that can be freed..
[DEBUG]: Theres atleast one space here... cool
[INFO]: block not found, looking if theres a space that can be freed..
[DEBUG]: Theres atleast one space here... cool
[DEBUG]: an invalid block was not found in the set
[INFO]: eviction requires writing back to l2
[INFO]: cache hit !
[INFO]: Write hit at l2
[INFO]: completing data read
[INFO]: Data read
[INFO]: looking into l1_d cache
[INFO]: block not found, looking if theres a space that can be freed..
[DEBUG]: Theres atleast one space here... cool
[INFO]: l1_d read miss...
[INFO]: looking into l2 for read
[FATAL]: structural hazard waow thats rare... actually impossible... somethings wrong bud !
Date and Time : Sat Jun 20 22:18:30 2026

[INFO]: configured...
[INFO]: Data read
[INFO]: looking into l1_d cache
[INFO]: block not found, looking if theres a space that can be freed..
[DEBUG]: Theres atleast one space here... cool
[INFO]: l1_d read miss...
[INFO]: looking into l2 for read
[INFO]: block not found, looking if theres a space that can be freed..
[DEBUG]: Theres atleast one space here... cool
[INFO]: l2 read miss...
[INFO]: looking into l3 for read
[INFO]: block not found, looking if theres a space that can be freed..
[DEBUG]: Theres atleast one space here... cool
[INFO]: l3 read miss... looking into memory now
[INFO]: block not found, looking if theres a space that can be freed..
[DEBUG]: Theres atleast one space here... cool
[INFO]: block not found, looking if theres a space that can be freed..
[DEBUG]: Theres atleast one space here... cool
[INFO]: block not found, looking if theres a space that can be freed..
[DEBUG]: Theres atleast one space here... cool
[INFO]: completing data read
[INFO]: Data write
[INFO]: cache hit !
[INFO]: Write hit at l1_d
[INFO]: completing write
[INFO]: Data read
[INFO]: looking into l1_d cache
[INFO]: block not found, looking if theres a space that can be freed..
[DEBUG]: Theres atleast one space here... cool
[INFO]: l1_d read miss...
[INFO]: looking into l2 for read
[INFO]: block not found, looking if theres a space that can be freed..
[DEBUG]: Theres atleast one space here... cool
[INFO]: l2 read miss...
[INFO]: looking into l3 for read
[INFO]: block not found, looking if theres a space that can be freed..
[DEBUG]: Theres atleast one space here... cool
[INFO]: l3 read miss... looking into memory now
[INFO]: block not found, looking if theres a space that can be freed..
[DEBUG]: Theres atleast one space here... cool
[INFO]: block not found, looking if theres a space that can be freed..
[DEBUG]: Theres atleast one space here... cool
[INFO]: block not found, looking if theres a space that can be freed..
[DEBUG]: Theres atleast one space here... cool
[INFO]: completing data read
[INFO]: Data read
[INFO]: looking into l1_d cache
[INFO]: block not found, looking if theres a space that can be freed..
[DEBUG]: Theres atleast one space here... cool
[INFO]: l1_d read miss...
[INFO]: looking into l2 for read
[INFO]: block not found, looking if theres a space that can be freed..
[DEBUG]: Theres atleast one space here... cool
[INFO]: l2 read miss...
[INFO]: looking into l3 for read
[INFO]: block not found, looking if theres a space that can be freed..
[DEBUG]: Theres atleast one space here... cool
[INFO]: l3 read miss... looking into memory now
[INFO]: block not found, looking if theres a space that can be freed..
[DEBUG]: Theres atleast one space here... cool
[INFO]: block not found, looking if theres a space that can be freed..
[DEBUG]: Theres atleast one space here... cool
[INFO]: block not found, looking if theres a space that can be freed..
[DEBUG]: Theres atleast one space here... cool
[DEBUG]: an invalid block was not found in the set
[INFO]: eviction requires writing back to l2
[INFO]: cache hit !
[INFO]: Write hit at l2
[INFO]: Completing below operation
[INFO]: completing data read
[INFO]: Data read
[INFO]: looking into l1_d cache
[INFO]: block not found, looking if theres a space that can be freed..
[DEBUG]: Theres atleast one space here... cool
[INFO]: l1_d read miss...
[INFO]: looking into l2 for read
[INFO]: cache hit !
[INFO]: Cache hit at l2
[INFO]: block not found, looking if theres a space that can be freed..
[DEBUG]: Theres atleast one space here... cool
[DEBUG]: an invalid block was not found in the set
[INFO]: completing data read
Date and Time : Sat Jun 20 22:19:20 2026

[INFO]: configured...
[INFO]: Data read
[INFO]: looking into l1_d cache
[INFO]: block not found, looking if theres a space that can be freed..
[DEBUG]: Theres atleast one space here... cool
[INFO]: l1_d read miss...
[INFO]: looking into l2 for read
[INFO]: block not found, looking if theres a space that can be freed..
[DEBUG]: Theres atleast one space here... cool
[INFO]: l2 read miss...
[INFO]: looking into l3 for read
[INFO]: block not found, looking if theres a space that can be freed..
[DEBUG]: Theres atleast one space here... cool
[INFO]: l3 read miss... looking into memory now
[INFO]: block not found, looking if theres a space that can be freed..
[DEBUG]: Theres atleast one space here... cool
[INFO]: block not found, looking if theres a space that can be freed..
[DEBUG]: Theres atleast one space here... cool
[INFO]: block not found, looking if theres a space that can be freed..
[DEBUG]: Theres atleast one space here... cool
[INFO]: completing data read
[INFO]: Data write
[INFO]: cache hit !
[INFO]: Write hit at l1_d
[INFO]: completing write
[INFO]: Data read
[INFO]: looking into l1_d cache
[INFO]: block not found, looking if theres a space that can be freed..
[DEBUG]: Theres atleast one space here... cool
[INFO]: l1_d read miss...
[INFO]: looking into l2 for read
[INFO]: block not found, looking if theres a space that can be freed..
[DEBUG]: Theres atleast one space here... cool
[INFO]: l2 read miss...
[INFO]: looking into l3 for read
[INFO]: block not found, looking if theres a space that can be freed..
[DEBUG]: Theres atleast one space here... cool
[INFO]: l3 read miss... looking into memory now
[INFO]: block not found, looking if theres a space that can be freed..
[DEBUG]: Theres atleast one space here... cool
[INFO]: block not found, looking if theres a space that can be freed..
[DEBUG]: Theres atleast one space here... cool
[INFO]: block not found, looking if theres a space that can be freed..
[DEBUG]: Theres atleast one space here... cool
[INFO]: completing data read
[INFO]: Data read
[INFO]: looking into l1_d cache
[INFO]: block not found, looking if theres a space that can be freed..
[DEBUG]: Theres atleast one space here... cool
[INFO]: l1_d read miss...
[INFO]: looking into l2 for read
[INFO]: block not found, looking if theres a space that can be freed..
[DEBUG]: Theres atleast one space here... cool
[INFO]: l2 read miss...
[INFO]: looking into l3 for read
[INFO]: block not found, looking if theres a space that can be freed..
[DEBUG]: Theres atleast one space here... cool
[INFO]: l3 read miss... looking into memory now
[INFO]: block not found, looking if theres a space that can be freed..
[DEBUG]: Theres atleast one space here... cool
[INFO]: block not found, looking if theres a space that can be freed..
[DEBUG]: Theres atleast one space here... cool
[INFO]: block not found, looking if theres a space that can be freed..
[DEBUG]: Theres atleast one space here... cool
[DEBUG]: an invalid block was not found in the set
[INFO]: eviction requires writing back to l2
[INFO]: cache hit !
[INFO]: Write hit at l2
[INFO]: Completing below operation
[INFO]: completing data read
[INFO]: Data read
[INFO]: looking into l1_d cache
[INFO]: block not found, looking if theres a space that can be freed..
[DEBUG]: Theres atleast one space here... cool
[INFO]: l1_d read miss...
[INFO]: looking into l2 for read
[INFO]: cache hit !
[INFO]: Cache hit at l2
[INFO]: block not found, looking if theres a space that can be freed..
[DEBUG]: Theres atleast one space here... cool
[DEBUG]: an invalid block was not found in the set
[INFO]: completing data read
Date and Time : Sat Jun 20 22:20:12 2026

[INFO]: configured...
[INFO]: Data read
[INFO]: looking into l1_d cache
[INFO]: block not found, looking if theres a space that can be freed..
[DEBUG]: Theres atleast one space here... cool
[INFO]: l1_d read miss...
[INFO]: looking into l2 for read
[INFO]: block not found, looking if theres a space that can be freed..
[DEBUG]: Theres atleast one space here... cool
[INFO]: l2 read miss...
[INFO]: looking into l3 for read
[INFO]: block not found, looking if theres a space that can be freed..
[DEBUG]: Theres atleast one space here... cool
[INFO]: l3 read miss... looking into memory now
[INFO]: block not found, looking if theres a space that can be freed..
[DEBUG]: Theres atleast one space here... cool
[INFO]: block not found, looking if theres a space that can be freed..
[DEBUG]: Theres atleast one space here... cool
[INFO]: block not found, looking if theres a space that can be freed..
[DEBUG]: Theres atleast one space here... cool
[INFO]: completing data read
[INFO]: Data write
[INFO]: cache hit !
[INFO]: Write hit at l1_d
[INFO]: completing write
[INFO]: Data read
[INFO]: looking into l1_d cache
[INFO]: block not found, looking if theres a space that can be freed..
[DEBUG]: Theres atleast one space here... cool
[INFO]: l1_d read miss...
[INFO]: looking into l2 for read
[INFO]: block not found, looking if theres a space that can be freed..
[DEBUG]: Theres atleast one space here... cool
[INFO]: l2 read miss...
[INFO]: looking into l3 for read
[INFO]: block not found, looking if theres a space that can be freed..
[DEBUG]: Theres atleast one space here... cool
[INFO]: l3 read miss... looking into memory now
[INFO]: block not found, looking if theres a space that can be freed..
[DEBUG]: Theres atleast one space here... cool
[INFO]: block not found, looking if theres a space that can be freed..
[DEBUG]: Theres atleast one space here... cool
[INFO]: block not found, looking if theres a space that can be freed..
[DEBUG]: Theres atleast one space here... cool
[INFO]: completing data read
[INFO]: Data read
[INFO]: looking into l1_d cache
[INFO]: block not found, looking if theres a space that can be freed..
[DEBUG]: Theres atleast one space here... cool
[INFO]: l1_d read miss...
[INFO]: looking into l2 for read
[INFO]: block not found, looking if theres a space that can be freed..
[DEBUG]: Theres atleast one space here... cool
[INFO]: l2 read miss...
[INFO]: looking into l3 for read
[INFO]: block not found, looking if theres a space that can be freed..
[DEBUG]: Theres atleast one space here... cool
[INFO]: l3 read miss... looking into memory now
[INFO]: block not found, looking if theres a space that can be freed..
[DEBUG]: Theres atleast one space here... cool
[INFO]: block not found, looking if theres a space that can be freed..
[DEBUG]: Theres atleast one space here... cool
[INFO]: block not found, looking if theres a space that can be freed..
[DEBUG]: Theres atleast one space here... cool
[DEBUG]: an invalid block was not found in the set
[INFO]: eviction requires writing back to l2
[INFO]: cache hit !
[INFO]: Write hit at l2
[INFO]: Completing below operation
[INFO]: completing data read
[INFO]: Data read
[INFO]: looking into l1_d cache
[INFO]: block not found, looking if theres a space that can be freed..
[DEBUG]: Theres atleast one space here... cool
[INFO]: l1_d read miss...
[INFO]: looking into l2 for read
[INFO]: block not found, looking if theres a space that can be freed..
[DEBUG]: Theres atleast one space here... cool
[INFO]: l2 read miss...
[INFO]: looking into l3 for read
[INFO]: block not found, looking if theres a space that can be freed..
[DEBUG]: Theres atleast one space here... cool
[INFO]: l3 read miss... looking into memory now
[INFO]: block not found, looking if theres a space that can be freed..
[DEBUG]: Theres atleast one space here... cool
[INFO]: block not found, looking if theres a space that can be freed..
[DEBUG]: Theres atleast one space here... cool
[INFO]: block not found, looking if theres a space that can be freed..
[DEBUG]: Theres atleast one space here... cool
[DEBUG]: an invalid block was not found in the set
[INFO]: completing data read
[INFO]: Data read
[INFO]: looking into l1_d cache
[INFO]: block not found, looking if theres a space that can be freed..
[DEBUG]: Theres atleast one space here... cool
[INFO]: l1_d read miss...
[INFO]: looking into l2 for read
[INFO]: cache hit !
[INFO]: Cache hit at l2
[INFO]: block not found, looking if theres a space that can be freed..
[DEBUG]: Theres atleast one space here... cool
[DEBUG]: an invalid block was not found in the set
[INFO]: completing data read
Date and Time : Sun Jun 21 11:25:36 2026

[INFO]: configured...
[INFO]: Data read
[INFO]: looking into l1_d cache
[INFO]: block not found, looking if theres a space that can be freed..
[DEBUG]: Theres atleast one space here... cool
[INFO]: l1_d read miss...
[INFO]: looking into l2 for read
[INFO]: block not found, looking if theres a space that can be freed..
[DEBUG]: Theres atleast one space here... cool
[INFO]: l2 read miss...
[INFO]: looking into l3 for read
[INFO]: block not found, looking if theres a space that can be freed..
[DEBUG]: Theres atleast one space here... cool
[INFO]: l3 read miss... looking into memory now
[INFO]: block not found, looking if theres a space that can be freed..
[DEBUG]: Theres atleast one space here... cool
[INFO]: block not found, looking if theres a space that can be freed..
[DEBUG]: Theres atleast one space here... cool
[INFO]: block not found, looking if theres a space that can be freed..
[DEBUG]: Theres atleast one space here... cool
[INFO]: completing data read
[INFO]: Data write
[INFO]: cache hit !
[INFO]: Write hit at l1_d
[INFO]: completing write
[INFO]: Data read
[INFO]: looking into l1_d cache
[INFO]: block not found, looking if theres a space that can be freed..
[DEBUG]: Theres atleast one space here... cool
[INFO]: l1_d read miss...
[INFO]: looking into l2 for read
[INFO]: block not found, looking if theres a space that can be freed..
[DEBUG]: Theres atleast one space here... cool
[INFO]: l2 read miss...
[INFO]: looking into l3 for read
[INFO]: block not found, looking if theres a space that can be freed..
[DEBUG]: Theres atleast one space here... cool
[INFO]: l3 read miss... looking into memory now
[INFO]: block not found, looking if theres a space that can be freed..
[DEBUG]: Theres atleast one space here... cool
[INFO]: block not found, looking if theres a space that can be freed..
[DEBUG]: Theres atleast one space here... cool
[INFO]: block not found, looking if theres a space that can be freed..
[DEBUG]: Theres atleast one space here... cool
[INFO]: completing data read
[INFO]: Data read
[INFO]: looking into l1_d cache
[INFO]: block not found, looking if theres a space that can be freed..
[DEBUG]: Theres atleast one space here... cool
[INFO]: l1_d read miss...
[INFO]: looking into l2 for read
[INFO]: block not found, looking if theres a space that can be freed..
[DEBUG]: Theres atleast one space here... cool
[INFO]: l2 read miss...
[INFO]: looking into l3 for read
[INFO]: block not found, looking if theres a space that can be freed..
[DEBUG]: Theres atleast one space here... cool
[INFO]: l3 read miss... looking into memory now
[INFO]: block not found, looking if theres a space that can be freed..
[DEBUG]: Theres atleast one space here... cool
[INFO]: block not found, looking if theres a space that can be freed..
[DEBUG]: Theres atleast one space here... cool
[INFO]: block not found, looking if theres a space that can be freed..
[DEBUG]: Theres atleast one space here... cool
[DEBUG]: an invalid block was not found in the set
[INFO]: eviction requires writing back to l2
[INFO]: cache hit !
[INFO]: Write hit at l2
[INFO]: Completing below operation
[INFO]: completing data read
[INFO]: Data read
[INFO]: looking into l1_d cache
[INFO]: block not found, looking if theres a space that can be freed..
[DEBUG]: Theres atleast one space here... cool
[INFO]: l1_d read miss...
[INFO]: looking into l2 for read
[INFO]: block not found, looking if theres a space that can be freed..
[DEBUG]: Theres atleast one space here... cool
[INFO]: l2 read miss...
[INFO]: looking into l3 for read
[INFO]: block not found, looking if theres a space that can be freed..
[DEBUG]: Theres atleast one space here... cool
[INFO]: l3 read miss... looking into memory now
[INFO]: block not found, looking if theres a space that can be freed..
[DEBUG]: Theres atleast one space here... cool
[INFO]: block not found, looking if theres a space that can be freed..
[DEBUG]: Theres atleast one space here... cool
[INFO]: block not found, looking if theres a space that can be freed..
[DEBUG]: Theres atleast one space here... cool
[DEBUG]: an invalid block was not found in the set
[INFO]: completing data read
[INFO]: Data read
[INFO]: looking into l1_d cache
[INFO]: block not found, looking if theres a space that can be freed..
[DEBUG]: Theres atleast one space here... cool
[INFO]: l1_d read miss...
[INFO]: looking into l2 for read
[INFO]: cache hit !
[INFO]: Cache hit at l2
[INFO]: block not found, looking if theres a space that can be freed..
[DEBUG]: Theres atleast one space here... cool
[DEBUG]: an invalid block was not found in the set
[INFO]: completing data read
Date and Time : Sun Jun 21 11:27:19 2026

[INFO]: configured...
[INFO]: Data read
[INFO]: looking into l1_d cache
[INFO]: block not found, looking if theres a space that can be freed..
[DEBUG]: Theres atleast one space here... cool
[INFO]: l1_d read miss...
[INFO]: looking into l2 for read
[INFO]: block not found, looking if theres a space that can be freed..
[DEBUG]: Theres atleast one space here... cool
[INFO]: l2 read miss...
[INFO]: looking into l3 for read
[INFO]: block not found, looking if theres a space that can be freed..
[DEBUG]: Theres atleast one space here... cool
[INFO]: l3 read miss... looking into memory now
[INFO]: block not found, looking if theres a space that can be freed..
[DEBUG]: Theres atleast one space here... cool
[INFO]: block not found, looking if theres a space that can be freed..
[DEBUG]: Theres atleast one space here... cool
[INFO]: block not found, looking if theres a space that can be freed..
[DEBUG]: Theres atleast one space here... cool
[INFO]: completing data read
[INFO]: Data read
[INFO]: looking into l1_d cache
[INFO]: block not found, looking if theres a space that can be freed..
[DEBUG]: Theres atleast one space here... cool
[INFO]: l1_d read miss...
[INFO]: looking into l2 for read
[INFO]: block not found, looking if theres a space that can be freed..
[DEBUG]: Theres atleast one space here... cool
[INFO]: l2 read miss...
[INFO]: looking into l3 for read
[INFO]: block not found, looking if theres a space that can be freed..
[DEBUG]: Theres atleast one space here... cool
[INFO]: l3 read miss... looking into memory now
[INFO]: block not found, looking if theres a space that can be freed..
[DEBUG]: Theres atleast one space here... cool
[INFO]: block not found, looking if theres a space that can be freed..
[DEBUG]: Theres atleast one space here... cool
[INFO]: block not found, looking if theres a space that can be freed..
[DEBUG]: Theres atleast one space here... cool
[INFO]: completing data read
[INFO]: Data read
[INFO]: looking into l1_d cache
[INFO]: block not found, looking if theres a space that can be freed..
[DEBUG]: Theres atleast one space here... cool
[INFO]: l1_d read miss...
[INFO]: looking into l2 for read
[INFO]: block not found, looking if theres a space that can be freed..
[DEBUG]: Theres atleast one space here... cool
[INFO]: l2 read miss...
[INFO]: looking into l3 for read
[INFO]: block not found, looking if theres a space that can be freed..
[DEBUG]: Theres atleast one space here... cool
[INFO]: l3 read miss... looking into memory now
[INFO]: block not found, looking if theres a space that can be freed..
[DEBUG]: Theres atleast one space here... cool
[INFO]: block not found, looking if theres a space that can be freed..
[DEBUG]: Theres atleast one space here... cool
[INFO]: block not found, looking if theres a space that can be freed..
[DEBUG]: Theres atleast one space here... cool
[DEBUG]: an invalid block was not found in the set
[INFO]: completing data read
[INFO]: Data read
[INFO]: looking into l1_d cache
[INFO]: block not found, looking if theres a space that can be freed..
[DEBUG]: Theres atleast one space here... cool
[INFO]: l1_d read miss...
[INFO]: looking into l2 for read
[INFO]: block not found, looking if theres a space that can be freed..
[DEBUG]: Theres atleast one space here... cool
[INFO]: l2 read miss...
[INFO]: looking into l3 for read
[INFO]: block not found, looking if theres a space that can be freed..
[DEBUG]: Theres atleast one space here... cool
[INFO]: l3 read miss... looking into memory now
[INFO]: block not found, looking if theres a space that can be freed..
[DEBUG]: Theres atleast one space here... cool
[INFO]: block not found, looking if theres a space that can be freed..
[DEBUG]: Theres atleast one space here... cool
[INFO]: block not found, looking if theres a space that can be freed..
[DEBUG]: Theres atleast one space here... cool
[DEBUG]: an invalid block was not found in the set
[INFO]: completing data read
[INFO]: Data read
[INFO]: looking into l1_d cache
[INFO]: block not found, looking if theres a space that can be freed..
[DEBUG]: Theres atleast one space here... cool
[INFO]: l1_d read miss...
[INFO]: looking into l2 for read
[INFO]: block not found, looking if theres a space that can be freed..
[DEBUG]: Theres atleast one space here... cool
[INFO]: l2 read miss...
[INFO]: looking into l3 for read
[INFO]: block not found, looking if theres a space that can be freed..
[DEBUG]: Theres atleast one space here... cool
[INFO]: l3 read miss... looking into memory now
[INFO]: block not found, looking if theres a space that can be freed..
[DEBUG]: Theres atleast one space here... cool
[INFO]: block not found, looking if theres a space that can be freed..
[DEBUG]: Theres atleast one space here... cool
[DEBUG]: an invalid block was not found in the set
[INFO]: block not found, looking if theres a space that can be freed..
[DEBUG]: Theres atleast one space here... cool
[DEBUG]: an invalid block was not found in the set
[INFO]: completing data read
[INFO]: Data read
[INFO]: looking into l1_d cache
[INFO]: block not found, looking if theres a space that can be freed..
[DEBUG]: Theres atleast one space here... cool
[INFO]: l1_d read miss...
[INFO]: looking into l2 for read
[INFO]: block not found, looking if theres a space that can be freed..
[DEBUG]: Theres atleast one space here... cool
[INFO]: l2 read miss...
[INFO]: looking into l3 for read
[INFO]: cache hit !
[INFO]: Cache hit at l3
[INFO]: block not found, looking if theres a space that can be freed..
[DEBUG]: Theres atleast one space here... cool
[DEBUG]: an invalid block was not found in the set
[INFO]: block not found, looking if theres a space that can be freed..
[DEBUG]: Theres atleast one space here... cool
[DEBUG]: an invalid block was not found in the set
[INFO]: completing data read
Date and Time : Sun Jun 21 11:28:36 2026

[INFO]: configured...
[INFO]: Data read
[INFO]: looking into l1_d cache
[INFO]: block not found, looking if theres a space that can be freed..
[DEBUG]: Theres atleast one space here... cool
[INFO]: l1_d read miss...
[INFO]: looking into l2 for read
[INFO]: block not found, looking if theres a space that can be freed..
[DEBUG]: Theres atleast one space here... cool
[INFO]: l2 read miss...
[INFO]: looking into l3 for read
[INFO]: block not found, looking if theres a space that can be freed..
[DEBUG]: Theres atleast one space here... cool
[INFO]: l3 read miss... looking into memory now
[INFO]: block not found, looking if theres a space that can be freed..
[DEBUG]: Theres atleast one space here... cool
[INFO]: block not found, looking if theres a space that can be freed..
[DEBUG]: Theres atleast one space here... cool
[INFO]: block not found, looking if theres a space that can be freed..
[DEBUG]: Theres atleast one space here... cool
[INFO]: completing data read
[INFO]: Data write
[INFO]: cache hit !
[INFO]: Write hit at l1_d
[INFO]: completing write
[INFO]: Data read
[INFO]: looking into l1_d cache
[INFO]: block not found, looking if theres a space that can be freed..
[DEBUG]: Theres atleast one space here... cool
[INFO]: l1_d read miss...
[INFO]: looking into l2 for read
[INFO]: block not found, looking if theres a space that can be freed..
[DEBUG]: Theres atleast one space here... cool
[INFO]: l2 read miss...
[INFO]: looking into l3 for read
[INFO]: block not found, looking if theres a space that can be freed..
[DEBUG]: Theres atleast one space here... cool
[INFO]: l3 read miss... looking into memory now
[INFO]: block not found, looking if theres a space that can be freed..
[DEBUG]: Theres atleast one space here... cool
[INFO]: block not found, looking if theres a space that can be freed..
[DEBUG]: Theres atleast one space here... cool
[INFO]: block not found, looking if theres a space that can be freed..
[DEBUG]: Theres atleast one space here... cool
[INFO]: completing data read
[INFO]: Data read
[INFO]: looking into l1_d cache
[INFO]: block not found, looking if theres a space that can be freed..
[DEBUG]: Theres atleast one space here... cool
[INFO]: l1_d read miss...
[INFO]: looking into l2 for read
[INFO]: block not found, looking if theres a space that can be freed..
[DEBUG]: Theres atleast one space here... cool
[INFO]: l2 read miss...
[INFO]: looking into l3 for read
[INFO]: block not found, looking if theres a space that can be freed..
[DEBUG]: Theres atleast one space here... cool
[INFO]: l3 read miss... looking into memory now
[INFO]: block not found, looking if theres a space that can be freed..
[DEBUG]: Theres atleast one space here... cool
[INFO]: block not found, looking if theres a space that can be freed..
[DEBUG]: Theres atleast one space here... cool
[INFO]: block not found, looking if theres a space that can be freed..
[DEBUG]: Theres atleast one space here... cool
[DEBUG]: an invalid block was not found in the set
[INFO]: eviction requires writing back to l2
[INFO]: cache hit !
[INFO]: Write hit at l2
[INFO]: Completing below operation
[INFO]: completing data read
[INFO]: Data read
[INFO]: looking into l1_d cache
[INFO]: block not found, looking if theres a space that can be freed..
[DEBUG]: Theres atleast one space here... cool
[INFO]: l1_d read miss...
[INFO]: looking into l2 for read
[INFO]: block not found, looking if theres a space that can be freed..
[DEBUG]: Theres atleast one space here... cool
[INFO]: l2 read miss...
[INFO]: looking into l3 for read
[INFO]: block not found, looking if theres a space that can be freed..
[DEBUG]: Theres atleast one space here... cool
[INFO]: l3 read miss... looking into memory now
[INFO]: block not found, looking if theres a space that can be freed..
[DEBUG]: Theres atleast one space here... cool
[INFO]: block not found, looking if theres a space that can be freed..
[DEBUG]: Theres atleast one space here... cool
[INFO]: block not found, looking if theres a space that can be freed..
[DEBUG]: Theres atleast one space here... cool
[DEBUG]: an invalid block was not found in the set
[INFO]: completing data read
[INFO]: Data read
[INFO]: looking into l1_d cache
[INFO]: block not found, looking if theres a space that can be freed..
[DEBUG]: Theres atleast one space here... cool
[INFO]: l1_d read miss...
[INFO]: looking into l2 for read
[INFO]: block not found, looking if theres a space that can be freed..
[DEBUG]: Theres atleast one space here... cool
[INFO]: l2 read miss...
[INFO]: looking into l3 for read
[INFO]: block not found, looking if theres a space that can be freed..
[DEBUG]: Theres atleast one space here... cool
[INFO]: l3 read miss... looking into memory now
[INFO]: block not found, looking if theres a space that can be freed..
[DEBUG]: Theres atleast one space here... cool
[INFO]: block not found, looking if theres a space that can be freed..
[DEBUG]: Theres atleast one space here... cool
[DEBUG]: an invalid block was not found in the set
[INFO]: eviction requires writing back to l3
[INFO]: cache hit !
[INFO]: Write hit at l3
[INFO]: Completing below operation
[INFO]: block not found, looking if theres a space that can be freed..
[DEBUG]: Theres atleast one space here... cool
[DEBUG]: an invalid block was not found in the set
[INFO]: completing data read
[INFO]: Data read
[INFO]: looking into l1_d cache
[INFO]: block not found, looking if theres a space that can be freed..
[DEBUG]: Theres atleast one space here... cool
[INFO]: l1_d read miss...
[INFO]: looking into l2 for read
[INFO]: block not found, looking if theres a space that can be freed..
[DEBUG]: Theres atleast one space here... cool
[INFO]: l2 read miss...
[INFO]: looking into l3 for read
[INFO]: block not found, looking if theres a space that can be freed..
[DEBUG]: Theres atleast one space here... cool
[INFO]: l3 read miss... looking into memory now
[INFO]: block not found, looking if theres a space that can be freed..
[DEBUG]: Theres atleast one space here... cool
[INFO]: block not found, looking if theres a space that can be freed..
[DEBUG]: Theres atleast one space here... cool
[DEBUG]: an invalid block was not found in the set
[INFO]: block not found, looking if theres a space that can be freed..
[DEBUG]: Theres atleast one space here... cool
[DEBUG]: an invalid block was not found in the set
[INFO]: completing data read
[INFO]: Data read
[INFO]: looking into l1_d cache
[INFO]: block not found, looking if theres a space that can be freed..
[DEBUG]: Theres atleast one space here... cool
[INFO]: l1_d read miss...
[INFO]: looking into l2 for read
[INFO]: block not found, looking if theres a space that can be freed..
[DEBUG]: Theres atleast one space here... cool
[INFO]: l2 read miss...
[INFO]: looking into l3 for read
[INFO]: cache hit !
[INFO]: Cache hit at l3
[INFO]: block not found, looking if theres a space that can be freed..
[DEBUG]: Theres atleast one space here... cool
[DEBUG]: an invalid block was not found in the set
[INFO]: block not found, looking if theres a space that can be freed..
[DEBUG]: Theres atleast one space here... cool
[DEBUG]: an invalid block was not found in the set
[INFO]: completing data read
Date and Time : Sun Jun 21 11:29:30 2026

[INFO]: configured...
[INFO]: Data read
[INFO]: looking into l1_d cache
[INFO]: block not found, looking if theres a space that can be freed..
[DEBUG]: Theres atleast one space here... cool
[INFO]: l1_d read miss...
[INFO]: looking into l2 for read
[INFO]: block not found, looking if theres a space that can be freed..
[DEBUG]: Theres atleast one space here... cool
[INFO]: l2 read miss...
[INFO]: looking into l3 for read
[INFO]: block not found, looking if theres a space that can be freed..
[DEBUG]: Theres atleast one space here... cool
[INFO]: l3 read miss... looking into memory now
[INFO]: block not found, looking if theres a space that can be freed..
[DEBUG]: Theres atleast one space here... cool
[INFO]: block not found, looking if theres a space that can be freed..
[DEBUG]: Theres atleast one space here... cool
[INFO]: block not found, looking if theres a space that can be freed..
[DEBUG]: Theres atleast one space here... cool
[INFO]: completing data read
[INFO]: Data write
[INFO]: cache hit !
[INFO]: Write hit at l1_d
[INFO]: completing write
[INFO]: Data read
[INFO]: looking into l1_d cache
[INFO]: block not found, looking if theres a space that can be freed..
[DEBUG]: Theres atleast one space here... cool
[INFO]: l1_d read miss...
[INFO]: looking into l2 for read
[INFO]: block not found, looking if theres a space that can be freed..
[DEBUG]: Theres atleast one space here... cool
[INFO]: l2 read miss...
[INFO]: looking into l3 for read
[INFO]: block not found, looking if theres a space that can be freed..
[DEBUG]: Theres atleast one space here... cool
[INFO]: l3 read miss... looking into memory now
[INFO]: block not found, looking if theres a space that can be freed..
[DEBUG]: Theres atleast one space here... cool
[INFO]: block not found, looking if theres a space that can be freed..
[DEBUG]: Theres atleast one space here... cool
[INFO]: block not found, looking if theres a space that can be freed..
[DEBUG]: Theres atleast one space here... cool
[INFO]: completing data read
[INFO]: Data read
[INFO]: looking into l1_d cache
[INFO]: block not found, looking if theres a space that can be freed..
[DEBUG]: Theres atleast one space here... cool
[INFO]: l1_d read miss...
[INFO]: looking into l2 for read
[INFO]: block not found, looking if theres a space that can be freed..
[DEBUG]: Theres atleast one space here... cool
[INFO]: l2 read miss...
[INFO]: looking into l3 for read
[INFO]: block not found, looking if theres a space that can be freed..
[DEBUG]: Theres atleast one space here... cool
[INFO]: l3 read miss... looking into memory now
[INFO]: block not found, looking if theres a space that can be freed..
[DEBUG]: Theres atleast one space here... cool
[INFO]: block not found, looking if theres a space that can be freed..
[DEBUG]: Theres atleast one space here... cool
[INFO]: block not found, looking if theres a space that can be freed..
[DEBUG]: Theres atleast one space here... cool
[DEBUG]: an invalid block was not found in the set
[INFO]: eviction requires writing back to l2
[INFO]: cache hit !
[INFO]: Write hit at l2
[INFO]: Completing below operation
[INFO]: completing data read
[INFO]: Data read
[INFO]: looking into l1_d cache
[INFO]: block not found, looking if theres a space that can be freed..
[DEBUG]: Theres atleast one space here... cool
[INFO]: l1_d read miss...
[INFO]: looking into l2 for read
[INFO]: block not found, looking if theres a space that can be freed..
[DEBUG]: Theres atleast one space here... cool
[INFO]: l2 read miss...
[INFO]: looking into l3 for read
[INFO]: block not found, looking if theres a space that can be freed..
[DEBUG]: Theres atleast one space here... cool
[INFO]: l3 read miss... looking into memory now
[INFO]: block not found, looking if theres a space that can be freed..
[DEBUG]: Theres atleast one space here... cool
[INFO]: block not found, looking if theres a space that can be freed..
[DEBUG]: Theres atleast one space here... cool
[INFO]: block not found, looking if theres a space that can be freed..
[DEBUG]: Theres atleast one space here... cool
[DEBUG]: an invalid block was not found in the set
[INFO]: completing data read
[INFO]: Data read
[INFO]: looking into l1_d cache
[INFO]: block not found, looking if theres a space that can be freed..
[DEBUG]: Theres atleast one space here... cool
[INFO]: l1_d read miss...
[INFO]: looking into l2 for read
[INFO]: block not found, looking if theres a space that can be freed..
[DEBUG]: Theres atleast one space here... cool
[INFO]: l2 read miss...
[INFO]: looking into l3 for read
[INFO]: block not found, looking if theres a space that can be freed..
[DEBUG]: Theres atleast one space here... cool
[INFO]: l3 read miss... looking into memory now
[INFO]: block not found, looking if theres a space that can be freed..
[DEBUG]: Theres atleast one space here... cool
[INFO]: block not found, looking if theres a space that can be freed..
[DEBUG]: Theres atleast one space here... cool
[DEBUG]: an invalid block was not found in the set
[INFO]: eviction requires writing back to l3
[INFO]: cache hit !
[INFO]: Write hit at l3
[INFO]: Completing below operation
[INFO]: block not found, looking if theres a space that can be freed..
[DEBUG]: Theres atleast one space here... cool
[DEBUG]: an invalid block was not found in the set
[INFO]: completing data read
[INFO]: Data read
[INFO]: looking into l1_d cache
[INFO]: block not found, looking if theres a space that can be freed..
[DEBUG]: Theres atleast one space here... cool
[INFO]: l1_d read miss...
[INFO]: looking into l2 for read
[INFO]: block not found, looking if theres a space that can be freed..
[DEBUG]: Theres atleast one space here... cool
[INFO]: l2 read miss...
[INFO]: looking into l3 for read
[INFO]: cache hit !
[INFO]: Cache hit at l3
[INFO]: block not found, looking if theres a space that can be freed..
[DEBUG]: Theres atleast one space here... cool
[DEBUG]: an invalid block was not found in the set
[INFO]: block not found, looking if theres a space that can be freed..
[DEBUG]: Theres atleast one space here... cool
[DEBUG]: an invalid block was not found in the set
[INFO]: completing data read
[INFO]: Data read
[INFO]: looking into l1_d cache
[INFO]: block not found, looking if theres a space that can be freed..
[DEBUG]: Theres atleast one space here... cool
[INFO]: l1_d read miss...
[INFO]: looking into l2 for read
[INFO]: block not found, looking if theres a space that can be freed..
[DEBUG]: Theres atleast one space here... cool
[INFO]: l2 read miss...
[INFO]: looking into l3 for read
[INFO]: block not found, looking if theres a space that can be freed..
[DEBUG]: Theres atleast one space here... cool
[INFO]: l3 read miss... looking into memory now
[INFO]: block not found, looking if theres a space that can be freed..
[DEBUG]: Theres atleast one space here... cool
[INFO]: block not found, looking if theres a space that can be freed..
[DEBUG]: Theres atleast one space here... cool
[DEBUG]: an invalid block was not found in the set
[INFO]: block not found, looking if theres a space that can be freed..
[DEBUG]: Theres atleast one space here... cool
[DEBUG]: an invalid block was not found in the set
[INFO]: completing data read
[INFO]: Data read
[INFO]: looking into l1_d cache
[INFO]: cache hit !
[INFO]: Cache hit at l1_d
[INFO]: completing data read
Date and Time : Sun Jun 21 11:30:14 2026

[INFO]: configured...
[INFO]: Data read
[INFO]: looking into l1_d cache
[INFO]: block not found, looking if theres a space that can be freed..
[DEBUG]: Theres atleast one space here... cool
[INFO]: l1_d read miss...
[INFO]: looking into l2 for read
[INFO]: block not found, looking if theres a space that can be freed..
[DEBUG]: Theres atleast one space here... cool
[INFO]: l2 read miss...
[INFO]: looking into l3 for read
[INFO]: block not found, looking if theres a space that can be freed..
[DEBUG]: Theres atleast one space here... cool
[INFO]: l3 read miss... looking into memory now
[INFO]: block not found, looking if theres a space that can be freed..
[DEBUG]: Theres atleast one space here... cool
[INFO]: block not found, looking if theres a space that can be freed..
[DEBUG]: Theres atleast one space here... cool
[INFO]: block not found, looking if theres a space that can be freed..
[DEBUG]: Theres atleast one space here... cool
[INFO]: completing data read
[INFO]: Data write
[INFO]: cache hit !
[INFO]: Write hit at l1_d
[INFO]: completing write
[INFO]: Data read
[INFO]: looking into l1_d cache
[INFO]: block not found, looking if theres a space that can be freed..
[DEBUG]: Theres atleast one space here... cool
[INFO]: l1_d read miss...
[INFO]: looking into l2 for read
[INFO]: block not found, looking if theres a space that can be freed..
[DEBUG]: Theres atleast one space here... cool
[INFO]: l2 read miss...
[INFO]: looking into l3 for read
[INFO]: block not found, looking if theres a space that can be freed..
[DEBUG]: Theres atleast one space here... cool
[INFO]: l3 read miss... looking into memory now
[INFO]: block not found, looking if theres a space that can be freed..
[DEBUG]: Theres atleast one space here... cool
[INFO]: block not found, looking if theres a space that can be freed..
[DEBUG]: Theres atleast one space here... cool
[INFO]: block not found, looking if theres a space that can be freed..
[DEBUG]: Theres atleast one space here... cool
[INFO]: completing data read
[INFO]: Data read
[INFO]: looking into l1_d cache
[INFO]: block not found, looking if theres a space that can be freed..
[DEBUG]: Theres atleast one space here... cool
[INFO]: l1_d read miss...
[INFO]: looking into l2 for read
[INFO]: block not found, looking if theres a space that can be freed..
[DEBUG]: Theres atleast one space here... cool
[INFO]: l2 read miss...
[INFO]: looking into l3 for read
[INFO]: block not found, looking if theres a space that can be freed..
[DEBUG]: Theres atleast one space here... cool
[INFO]: l3 read miss... looking into memory now
[INFO]: block not found, looking if theres a space that can be freed..
[DEBUG]: Theres atleast one space here... cool
[INFO]: block not found, looking if theres a space that can be freed..
[DEBUG]: Theres atleast one space here... cool
[INFO]: block not found, looking if theres a space that can be freed..
[DEBUG]: Theres atleast one space here... cool
[DEBUG]: an invalid block was not found in the set
[INFO]: eviction requires writing back to l2
[INFO]: cache hit !
[INFO]: Write hit at l2
[INFO]: Completing below operation
[INFO]: completing data read
[INFO]: Data read
[INFO]: looking into l1_d cache
[INFO]: block not found, looking if theres a space that can be freed..
[DEBUG]: Theres atleast one space here... cool
[INFO]: l1_d read miss...
[INFO]: looking into l2 for read
[INFO]: block not found, looking if theres a space that can be freed..
[DEBUG]: Theres atleast one space here... cool
[INFO]: l2 read miss...
[INFO]: looking into l3 for read
[INFO]: block not found, looking if theres a space that can be freed..
[DEBUG]: Theres atleast one space here... cool
[INFO]: l3 read miss... looking into memory now
[INFO]: block not found, looking if theres a space that can be freed..
[DEBUG]: Theres atleast one space here... cool
[INFO]: block not found, looking if theres a space that can be freed..
[DEBUG]: Theres atleast one space here... cool
[INFO]: block not found, looking if theres a space that can be freed..
[DEBUG]: Theres atleast one space here... cool
[DEBUG]: an invalid block was not found in the set
[INFO]: completing data read
[INFO]: Data read
[INFO]: looking into l1_d cache
[INFO]: block not found, looking if theres a space that can be freed..
[DEBUG]: Theres atleast one space here... cool
[INFO]: l1_d read miss...
[INFO]: looking into l2 for read
[INFO]: block not found, looking if theres a space that can be freed..
[DEBUG]: Theres atleast one space here... cool
[INFO]: l2 read miss...
[INFO]: looking into l3 for read
[INFO]: block not found, looking if theres a space that can be freed..
[DEBUG]: Theres atleast one space here... cool
[INFO]: l3 read miss... looking into memory now
[INFO]: block not found, looking if theres a space that can be freed..
[DEBUG]: Theres atleast one space here... cool
[INFO]: block not found, looking if theres a space that can be freed..
[DEBUG]: Theres atleast one space here... cool
[DEBUG]: an invalid block was not found in the set
[INFO]: eviction requires writing back to l3
[INFO]: cache hit !
[INFO]: Write hit at l3
[INFO]: Completing below operation
[INFO]: block not found, looking if theres a space that can be freed..
[DEBUG]: Theres atleast one space here... cool
[DEBUG]: an invalid block was not found in the set
[INFO]: completing data read
[INFO]: Data read
[INFO]: looking into l1_d cache
[INFO]: block not found, looking if theres a space that can be freed..
[DEBUG]: Theres atleast one space here... cool
[INFO]: l1_d read miss...
[INFO]: looking into l2 for read
[INFO]: block not found, looking if theres a space that can be freed..
[DEBUG]: Theres atleast one space here... cool
[INFO]: l2 read miss...
[INFO]: looking into l3 for read
[INFO]: block not found, looking if theres a space that can be freed..
[DEBUG]: Theres atleast one space here... cool
[INFO]: l3 read miss... looking into memory now
[INFO]: block not found, looking if theres a space that can be freed..
[DEBUG]: Theres atleast one space here... cool
[INFO]: block not found, looking if theres a space that can be freed..
[DEBUG]: Theres atleast one space here... cool
[DEBUG]: an invalid block was not found in the set
[INFO]: block not found, looking if theres a space that can be freed..
[DEBUG]: Theres atleast one space here... cool
[DEBUG]: an invalid block was not found in the set
[INFO]: completing data read
[INFO]: Data read
[INFO]: looking into l1_d cache
[INFO]: block not found, looking if theres a space that can be freed..
[DEBUG]: Theres atleast one space here... cool
[INFO]: l1_d read miss...
[INFO]: looking into l2 for read
[INFO]: block not found, looking if theres a space that can be freed..
[DEBUG]: Theres atleast one space here... cool
[INFO]: l2 read miss...
[INFO]: looking into l3 for read
[INFO]: block not found, looking if theres a space that can be freed..
[DEBUG]: Theres atleast one space here... cool
[INFO]: l3 read miss... looking into memory now
[INFO]: block not found, looking if theres a space that can be freed..
[DEBUG]: Theres atleast one space here... cool
[INFO]: block not found, looking if theres a space that can be freed..
[DEBUG]: Theres atleast one space here... cool
[DEBUG]: an invalid block was not found in the set
[INFO]: block not found, looking if theres a space that can be freed..
[DEBUG]: Theres atleast one space here... cool
[DEBUG]: an invalid block was not found in the set
[INFO]: completing data read
[INFO]: Data read
[INFO]: looking into l1_d cache
[INFO]: block not found, looking if theres a space that can be freed..
[DEBUG]: Theres atleast one space here... cool
[INFO]: l1_d read miss...
[INFO]: looking into l2 for read
[INFO]: block not found, looking if theres a space that can be freed..
[DEBUG]: Theres atleast one space here... cool
[INFO]: l2 read miss...
[INFO]: looking into l3 for read
[INFO]: block not found, looking if theres a space that can be freed..
[DEBUG]: Theres atleast one space here... cool
[INFO]: l3 read miss... looking into memory now
[INFO]: block not found, looking if theres a space that can be freed..
[DEBUG]: Theres atleast one space here... cool
[INFO]: block not found, looking if theres a space that can be freed..
[DEBUG]: Theres atleast one space here... cool
[DEBUG]: an invalid block was not found in the set
[INFO]: block not found, looking if theres a space that can be freed..
[DEBUG]: Theres atleast one space here... cool
[DEBUG]: an invalid block was not found in the set
[INFO]: completing data read
[INFO]: Data read
[INFO]: looking into l1_d cache
[INFO]: block not found, looking if theres a space that can be freed..
[DEBUG]: Theres atleast one space here... cool
[INFO]: l1_d read miss...
[INFO]: looking into l2 for read
[INFO]: block not found, looking if theres a space that can be freed..
[DEBUG]: Theres atleast one space here... cool
[INFO]: l2 read miss...
[INFO]: looking into l3 for read
[INFO]: block not found, looking if theres a space that can be freed..
[DEBUG]: Theres atleast one space here... cool
[INFO]: l3 read miss... looking into memory now
[INFO]: block not found, looking if theres a space that can be freed..
[DEBUG]: Theres atleast one space here... cool
[DEBUG]: an invalid block was not found in the set
[INFO]: eviction requires writing back to ram
[INFO]: block not found, looking if theres a space that can be freed..
[DEBUG]: Theres atleast one space here... cool
[DEBUG]: an invalid block was not found in the set
[INFO]: block not found, looking if theres a space that can be freed..
[DEBUG]: Theres atleast one space here... cool
[DEBUG]: an invalid block was not found in the set
[INFO]: completing data read
[INFO]: Data read
[INFO]: looking into l1_d cache
[INFO]: block not found, looking if theres a space that can be freed..
[DEBUG]: Theres atleast one space here... cool
[INFO]: l1_d read miss...
[INFO]: looking into l2 for read
[INFO]: block not found, looking if theres a space that can be freed..
[DEBUG]: Theres atleast one space here... cool
[INFO]: l2 read miss...
[INFO]: looking into l3 for read
[INFO]: block not found, looking if theres a space that can be freed..
[DEBUG]: Theres atleast one space here... cool
[INFO]: l3 read miss... looking into memory now
[INFO]: block not found, looking if theres a space that can be freed..
[DEBUG]: Theres atleast one space here... cool
[DEBUG]: an invalid block was not found in the set
[INFO]: block not found, looking if theres a space that can be freed..
[DEBUG]: Theres atleast one space here... cool
[DEBUG]: an invalid block was not found in the set
[INFO]: block not found, looking if theres a space that can be freed..
[DEBUG]: Theres atleast one space here... cool
[DEBUG]: an invalid block was not found in the set
[INFO]: completing data read
Date and Time : Sun Jun 21 13:45:29 2026

[INFO]: configured...
[INFO]: Data read
[INFO]: looking into l1_d cache
[INFO]: block not found, looking if theres a space that can be freed..
[DEBUG]: Theres atleast one space here... cool
[INFO]: l1_d read miss...
[INFO]: looking into l2 for read
[INFO]: block not found, looking if theres a space that can be freed..
[DEBUG]: Theres atleast one space here... cool
[INFO]: l2 read miss...
[INFO]: looking into l3 for read
[INFO]: block not found, looking if theres a space that can be freed..
[DEBUG]: Theres atleast one space here... cool
[INFO]: l3 read miss... looking into memory now
[INFO]: block not found, looking if theres a space that can be freed..
[DEBUG]: Theres atleast one space here... cool
[INFO]: block not found, looking if theres a space that can be freed..
[DEBUG]: Theres atleast one space here... cool
[INFO]: block not found, looking if theres a space that can be freed..
[DEBUG]: Theres atleast one space here... cool
[INFO]: completing data read
[INFO]: Data write
[INFO]: cache hit !
[INFO]: Write hit at l1_d
[INFO]: completing write
[INFO]: Data read
[INFO]: looking into l1_d cache
[INFO]: block not found, looking if theres a space that can be freed..
[DEBUG]: Theres atleast one space here... cool
[INFO]: l1_d read miss...
[INFO]: looking into l2 for read
[INFO]: block not found, looking if theres a space that can be freed..
[DEBUG]: Theres atleast one space here... cool
[INFO]: l2 read miss...
[INFO]: looking into l3 for read
[INFO]: block not found, looking if theres a space that can be freed..
[DEBUG]: Theres atleast one space here... cool
[INFO]: l3 read miss... looking into memory now
[INFO]: block not found, looking if theres a space that can be freed..
[DEBUG]: Theres atleast one space here... cool
[INFO]: block not found, looking if theres a space that can be freed..
[DEBUG]: Theres atleast one space here... cool
[INFO]: block not found, looking if theres a space that can be freed..
[DEBUG]: Theres atleast one space here... cool
[INFO]: completing data read
[INFO]: Data read
[INFO]: looking into l1_d cache
[INFO]: block not found, looking if theres a space that can be freed..
[DEBUG]: Theres atleast one space here... cool
[INFO]: l1_d read miss...
[INFO]: looking into l2 for read
[INFO]: block not found, looking if theres a space that can be freed..
[DEBUG]: Theres atleast one space here... cool
[INFO]: l2 read miss...
[INFO]: looking into l3 for read
[INFO]: block not found, looking if theres a space that can be freed..
[DEBUG]: Theres atleast one space here... cool
[INFO]: l3 read miss... looking into memory now
[INFO]: block not found, looking if theres a space that can be freed..
[DEBUG]: Theres atleast one space here... cool
[INFO]: block not found, looking if theres a space that can be freed..
[DEBUG]: Theres atleast one space here... cool
[INFO]: block not found, looking if theres a space that can be freed..
[DEBUG]: Theres atleast one space here... cool
[DEBUG]: an invalid block was not found in the set
[INFO]: eviction requires writing back to l2
[INFO]: cache hit !
[INFO]: Write hit at l2
[INFO]: Completing below operation
[INFO]: completing data read
[INFO]: Data read
[INFO]: looking into l1_d cache
[INFO]: block not found, looking if theres a space that can be freed..
[DEBUG]: Theres atleast one space here... cool
[INFO]: l1_d read miss...
[INFO]: looking into l2 for read
[INFO]: block not found, looking if theres a space that can be freed..
[DEBUG]: Theres atleast one space here... cool
[INFO]: l2 read miss...
[INFO]: looking into l3 for read
[INFO]: block not found, looking if theres a space that can be freed..
[DEBUG]: Theres atleast one space here... cool
[INFO]: l3 read miss... looking into memory now
[INFO]: block not found, looking if theres a space that can be freed..
[DEBUG]: Theres atleast one space here... cool
[INFO]: block not found, looking if theres a space that can be freed..
[DEBUG]: Theres atleast one space here... cool
[INFO]: block not found, looking if theres a space that can be freed..
[DEBUG]: Theres atleast one space here... cool
[DEBUG]: an invalid block was not found in the set
[INFO]: completing data read
[INFO]: Data read
[INFO]: looking into l1_d cache
[INFO]: block not found, looking if theres a space that can be freed..
[DEBUG]: Theres atleast one space here... cool
[INFO]: l1_d read miss...
[INFO]: looking into l2 for read
[INFO]: block not found, looking if theres a space that can be freed..
[DEBUG]: Theres atleast one space here... cool
[INFO]: l2 read miss...
[INFO]: looking into l3 for read
[INFO]: block not found, looking if theres a space that can be freed..
[DEBUG]: Theres atleast one space here... cool
[INFO]: l3 read miss... looking into memory now
[INFO]: block not found, looking if theres a space that can be freed..
[DEBUG]: Theres atleast one space here... cool
[INFO]: block not found, looking if theres a space that can be freed..
[DEBUG]: Theres atleast one space here... cool
[DEBUG]: an invalid block was not found in the set
[INFO]: eviction requires writing back to l3
[INFO]: cache hit !
[INFO]: Write hit at l3
[INFO]: Completing below operation
[INFO]: block not found, looking if theres a space that can be freed..
[DEBUG]: Theres atleast one space here... cool
[DEBUG]: an invalid block was not found in the set
[INFO]: completing data read
[INFO]: Data read
[INFO]: looking into l1_d cache
[INFO]: block not found, looking if theres a space that can be freed..
[DEBUG]: Theres atleast one space here... cool
[INFO]: l1_d read miss...
[INFO]: looking into l2 for read
[INFO]: block not found, looking if theres a space that can be freed..
[DEBUG]: Theres atleast one space here... cool
[INFO]: l2 read miss...
[INFO]: looking into l3 for read
[INFO]: block not found, looking if theres a space that can be freed..
[DEBUG]: Theres atleast one space here... cool
[INFO]: l3 read miss... looking into memory now
[INFO]: block not found, looking if theres a space that can be freed..
[DEBUG]: Theres atleast one space here... cool
[INFO]: block not found, looking if theres a space that can be freed..
[DEBUG]: Theres atleast one space here... cool
[DEBUG]: an invalid block was not found in the set
[INFO]: block not found, looking if theres a space that can be freed..
[DEBUG]: Theres atleast one space here... cool
[DEBUG]: an invalid block was not found in the set
[INFO]: completing data read
[INFO]: Data read
[INFO]: looking into l1_d cache
[INFO]: block not found, looking if theres a space that can be freed..
[DEBUG]: Theres atleast one space here... cool
[INFO]: l1_d read miss...
[INFO]: looking into l2 for read
[INFO]: block not found, looking if theres a space that can be freed..
[DEBUG]: Theres atleast one space here... cool
[INFO]: l2 read miss...
[INFO]: looking into l3 for read
[INFO]: block not found, looking if theres a space that can be freed..
[DEBUG]: Theres atleast one space here... cool
[INFO]: l3 read miss... looking into memory now
[INFO]: block not found, looking if theres a space that can be freed..
[DEBUG]: Theres atleast one space here... cool
[INFO]: block not found, looking if theres a space that can be freed..
[DEBUG]: Theres atleast one space here... cool
[DEBUG]: an invalid block was not found in the set
[INFO]: block not found, looking if theres a space that can be freed..
[DEBUG]: Theres atleast one space here... cool
[DEBUG]: an invalid block was not found in the set
[INFO]: completing data read
[INFO]: Data read
[INFO]: looking into l1_d cache
[INFO]: block not found, looking if theres a space that can be freed..
[DEBUG]: Theres atleast one space here... cool
[INFO]: l1_d read miss...
[INFO]: looking into l2 for read
[INFO]: block not found, looking if theres a space that can be freed..
[DEBUG]: Theres atleast one space here... cool
[INFO]: l2 read miss...
[INFO]: looking into l3 for read
[INFO]: block not found, looking if theres a space that can be freed..
[DEBUG]: Theres atleast one space here... cool
[INFO]: l3 read miss... looking into memory now
[INFO]: block not found, looking if theres a space that can be freed..
[DEBUG]: Theres atleast one space here... cool
[INFO]: block not found, looking if theres a space that can be freed..
[DEBUG]: Theres atleast one space here... cool
[DEBUG]: an invalid block was not found in the set
[INFO]: block not found, looking if theres a space that can be freed..
[DEBUG]: Theres atleast one space here... cool
[DEBUG]: an invalid block was not found in the set
[INFO]: completing data read
[INFO]: Data read
[INFO]: looking into l1_d cache
[INFO]: block not found, looking if theres a space that can be freed..
[DEBUG]: Theres atleast one space here... cool
[INFO]: l1_d read miss...
[INFO]: looking into l2 for read
[INFO]: block not found, looking if theres a space that can be freed..
[DEBUG]: Theres atleast one space here... cool
[INFO]: l2 read miss...
[INFO]: looking into l3 for read
[INFO]: block not found, looking if theres a space that can be freed..
[DEBUG]: Theres atleast one space here... cool
[INFO]: l3 read miss... looking into memory now
[INFO]: block not found, looking if theres a space that can be freed..
[DEBUG]: Theres atleast one space here... cool
[DEBUG]: an invalid block was not found in the set
[INFO]: eviction requires writing back to ram
[INFO]: block not found, looking if theres a space that can be freed..
[DEBUG]: Theres atleast one space here... cool
[DEBUG]: an invalid block was not found in the set
[INFO]: block not found, looking if theres a space that can be freed..
[DEBUG]: Theres atleast one space here... cool
[DEBUG]: an invalid block was not found in the set
[INFO]: completing data read
[INFO]: Data read
[INFO]: looking into l1_d cache
[INFO]: block not found, looking if theres a space that can be freed..
[DEBUG]: Theres atleast one space here... cool
[INFO]: l1_d read miss...
[INFO]: looking into l2 for read
[INFO]: block not found, looking if theres a space that can be freed..
[DEBUG]: Theres atleast one space here... cool
[INFO]: l2 read miss...
[INFO]: looking into l3 for read
[INFO]: block not found, looking if theres a space that can be freed..
[DEBUG]: Theres atleast one space here... cool
[INFO]: l3 read miss... looking into memory now
[INFO]: block not found, looking if theres a space that can be freed..
[DEBUG]: Theres atleast one space here... cool
[DEBUG]: an invalid block was not found in the set
[INFO]: block not found, looking if theres a space that can be freed..
[DEBUG]: Theres atleast one space here... cool
[DEBUG]: an invalid block was not found in the set
[INFO]: block not found, looking if theres a space that can be freed..
[DEBUG]: Theres atleast one space here... cool
[DEBUG]: an invalid block was not found in the set
[INFO]: completing data read
