Date and Time : Fri May  8 11:33:28 2026

[INFO]: Processed a full line comment.
[INFO]: Handled a full line comment
[INFO]: Characters are valid.
[INFO]: Parsing a label.
[INFO]: Label parsing succeeded.
[INFO]: Handling a label...
[INFO]: Added symbol to table
[INFO]: Characters are valid.
[INFO]: Parsing an operation.
[INFO]: Operation parsing succeeded.
[INFO]: Valid syntax...
[INFO]: Valid semantics...
[INFO]: Characters are valid.
[INFO]: Parsing an operation.
[INFO]: Operation parsing succeeded.
[INFO]: Valid syntax...
[INFO]: Valid semantics...
[INFO]: Characters are valid.
[INFO]: Parsing an operation.
[INFO]: Operation parsing succeeded.
[INFO]: Valid syntax...
[INFO]: Valid semantics...
[INFO]: Processed a full line comment.
[INFO]: Handled a full line comment
[INFO]: Characters are valid.
[INFO]: Parsing a label.
[INFO]: Label parsing succeeded.
[INFO]: Handling a label...
[INFO]: Added symbol to table
[INFO]: Characters are valid.
[INFO]: Parsing an operation.
[INFO]: Operation parsing succeeded.
[INFO]: Valid syntax...
[INFO]: Valid semantics...
[INFO]: Characters are valid.
[INFO]: Parsing an operation.
[INFO]: Operation parsing succeeded.
[INFO]: Valid syntax...
[INFO]: Valid semantics...
[INFO]: Characters are valid.
[INFO]: Parsing an operation.
[INFO]: Operation parsing succeeded.
[INFO]: Valid syntax...
[INFO]: Valid semantics...
[INFO]: Processed a full line comment.
[INFO]: Handled a full line comment
[INFO]: Characters are valid.
[INFO]: Parsing an operation.
[INFO]: Operation parsing succeeded.
[INFO]: Valid syntax...
[INFO]: Valid semantics...
[INFO]: Processed a full line comment.
[INFO]: Handled a full line comment
[INFO]: Characters are valid.
[INFO]: Parsing an operation.
[INFO]: Operation parsing succeeded.
[INFO]: Valid syntax...
[INFO]: Valid semantics...
[INFO]: Processed a full line comment.
[INFO]: Handled a full line comment
[INFO]: Characters are valid.
[INFO]: Parsing an operation.
[INFO]: Operation parsing succeeded.
[INFO]: Valid syntax...
[INFO]: Valid semantics...
[INFO]: Characters are valid.
[INFO]: Parsing an operation.
[INFO]: Operation parsing succeeded.
[INFO]: Valid syntax...
[INFO]: Valid semantics...
[INFO]: Characters are valid.
[INFO]: Parsing an operation.
[INFO]: Operation parsing succeeded.
[INFO]: Valid syntax...
[INFO]: Valid semantics...
[INFO]: Characters are valid.
[INFO]: Parsing a label.
[INFO]: Label parsing succeeded.
[INFO]: Handling a label...
[INFO]: Added symbol to table
[INFO]: Characters are valid.
[INFO]: Parsing an operation.
[INFO]: Operation parsing succeeded.
[INFO]: Valid syntax...
[INFO]: Valid semantics...
[INFO]: Processed a full line comment.
[INFO]: Handled a full line comment
[INFO]: Characters are valid.
[INFO]: Parsing an operation.
[INFO]: Operation parsing succeeded.
[INFO]: Valid syntax...
[INFO]: Valid semantics...
[INFO]: Characters are valid.
[INFO]: Parsing a label.
[INFO]: Label parsing succeeded.
[INFO]: Handling a label...
[INFO]: Added symbol to table
[INFO]: Characters are valid.
[INFO]: Parsing an operation.
[INFO]: Operation parsing succeeded.
[INFO]: Valid syntax...
[INFO]: Valid semantics...
[INFO]: Characters are valid.
[INFO]: Parsing an operation.
[INFO]: Operation parsing succeeded.
[INFO]: Valid syntax...
[INFO]: Valid semantics...
[INFO]: Characters are valid.
[INFO]: Parsing a label.
[INFO]: Label parsing succeeded.
[INFO]: Handling a label...
[INFO]: Added symbol to table
[INFO]: Characters are valid.
[INFO]: Parsing an operation.
[INFO]: Operation parsing succeeded.
[INFO]: Valid syntax...
[INFO]: Valid semantics...
[INFO]: Characters are valid.
[INFO]: Parsing an operation.
[INFO]: Operation parsing succeeded.
[INFO]: Valid syntax...
[INFO]: Valid semantics...
[INFO]: Characters are valid.
[INFO]: Parsing a label.
[INFO]: Label parsing succeeded.
[INFO]: Handling a label...
[INFO]: Added symbol to table
[INFO]: Characters are valid.
[INFO]: Parsing an operation.
[INFO]: Operation parsing succeeded.
[INFO]: Valid syntax...
[INFO]: Valid semantics...
[INFO]: Characters are valid.
[INFO]: Parsing an operation.
[INFO]: Operation parsing succeeded.
[INFO]: Valid syntax...
[INFO]: Valid semantics...
[INFO]: Processed a full line comment.
[INFO]: Handled a full line comment
[INFO]: Characters are valid.
[INFO]: Parsing a label.
[INFO]: Label parsing succeeded.
[INFO]: Handling a label again...
[INFO]: Characters are valid.
[INFO]: Parsing an operation.
[INFO]: Operation parsing succeeded.
[INFO]: Characters are valid.
[INFO]: Parsing an operation.
[INFO]: Operation parsing succeeded.
[INFO]: Characters are valid.
[INFO]: Parsing an operation.
[INFO]: Operation parsing succeeded.
[INFO]: Processed a full line comment.
[INFO]: Handled a full line comment
[INFO]: Characters are valid.
[INFO]: Parsing a label.
[INFO]: Label parsing succeeded.
[INFO]: Handling a label again...
[INFO]: Characters are valid.
[INFO]: Parsing an operation.
[INFO]: Operation parsing succeeded.
[INFO]: Characters are valid.
[INFO]: Parsing an operation.
[INFO]: Operation parsing succeeded.
[INFO]: Characters are valid.
[INFO]: Parsing an operation.
[INFO]: Operation parsing succeeded.
[INFO]: Processed a full line comment.
[INFO]: Handled a full line comment
[INFO]: Characters are valid.
[INFO]: Parsing an operation.
[INFO]: Operation parsing succeeded.
[INFO]: Processed a full line comment.
[INFO]: Handled a full line comment
[INFO]: Characters are valid.
[INFO]: Parsing an operation.
[INFO]: Operation parsing succeeded.
[INFO]: Processed a full line comment.
[INFO]: Handled a full line comment
[INFO]: Characters are valid.
[INFO]: Parsing an operation.
[INFO]: Operation parsing succeeded.
[INFO]: Characters are valid.
[INFO]: Parsing an operation.
[INFO]: Operation parsing succeeded.
[INFO]: Characters are valid.
[INFO]: Parsing an operation.
[INFO]: Operation parsing succeeded.
[INFO]: Characters are valid.
[INFO]: Parsing a label.
[INFO]: Label parsing succeeded.
[INFO]: Handling a label again...
[INFO]: Characters are valid.
[INFO]: Parsing an operation.
[INFO]: Operation parsing succeeded.
[INFO]: Processed a full line comment.
[INFO]: Handled a full line comment
[INFO]: Characters are valid.
[INFO]: Parsing an operation.
[INFO]: Operation parsing succeeded.
[INFO]: Characters are valid.
[INFO]: Parsing a label.
[INFO]: Label parsing succeeded.
[INFO]: Handling a label again...
[INFO]: Characters are valid.
[INFO]: Parsing an operation.
[INFO]: Operation parsing succeeded.
[INFO]: Characters are valid.
[INFO]: Parsing an operation.
[INFO]: Operation parsing succeeded.
[INFO]: Characters are valid.
[INFO]: Parsing a label.
[INFO]: Label parsing succeeded.
[INFO]: Handling a label again...
[INFO]: Characters are valid.
[INFO]: Parsing an operation.
[INFO]: Operation parsing succeeded.
[INFO]: Characters are valid.
[INFO]: Parsing an operation.
[INFO]: Operation parsing succeeded.
[INFO]: Characters are valid.
[INFO]: Parsing a label.
[INFO]: Label parsing succeeded.
[INFO]: Handling a label again...
[INFO]: Characters are valid.
[INFO]: Parsing an operation.
[INFO]: Operation parsing succeeded.
[INFO]: Characters are valid.
[INFO]: Parsing an operation.
[INFO]: Operation parsing succeeded.
Date and Time : Fri May  8 11:33:52 2026

[INFO]: Processed a full line comment.
[INFO]: Handled a full line comment
[INFO]: Characters are valid.
[INFO]: Parsing a label.
[INFO]: Label parsing succeeded.
[INFO]: Handling a label...
[INFO]: Added symbol to table
[INFO]: Characters are valid.
[INFO]: Parsing an operation.
[INFO]: Operation parsing succeeded.
[INFO]: Valid syntax...
[INFO]: Valid semantics...
[INFO]: Characters are valid.
[INFO]: Parsing an operation.
[INFO]: Operation parsing succeeded.
[INFO]: Valid syntax...
[INFO]: Valid semantics...
[INFO]: Characters are valid.
[INFO]: Parsing an operation.
[INFO]: Operation parsing succeeded.
[INFO]: Valid syntax...
[INFO]: Valid semantics...
[INFO]: Processed a full line comment.
[INFO]: Handled a full line comment
[INFO]: Characters are valid.
[INFO]: Parsing a label.
[INFO]: Label parsing succeeded.
[INFO]: Handling a label...
[INFO]: Added symbol to table
[INFO]: Characters are valid.
[INFO]: Parsing an operation.
[INFO]: Operation parsing succeeded.
[INFO]: Valid syntax...
[INFO]: Valid semantics...
[INFO]: Characters are valid.
[INFO]: Parsing an operation.
[INFO]: Operation parsing succeeded.
[INFO]: Valid syntax...
[INFO]: Valid semantics...
[INFO]: Characters are valid.
[INFO]: Parsing an operation.
[INFO]: Operation parsing succeeded.
[INFO]: Valid syntax...
[INFO]: Valid semantics...
[INFO]: Processed a full line comment.
[INFO]: Handled a full line comment
[INFO]: Characters are valid.
[INFO]: Parsing an operation.
[INFO]: Operation parsing succeeded.
[INFO]: Valid syntax...
[INFO]: Valid semantics...
[INFO]: Processed a full line comment.
[INFO]: Handled a full line comment
[INFO]: Characters are valid.
[INFO]: Parsing an operation.
[INFO]: Operation parsing succeeded.
[INFO]: Valid syntax...
[INFO]: Valid semantics...
[INFO]: Processed a full line comment.
[INFO]: Handled a full line comment
[INFO]: Characters are valid.
[INFO]: Parsing an operation.
[INFO]: Operation parsing succeeded.
[INFO]: Valid syntax...
[INFO]: Valid semantics...
[INFO]: Characters are valid.
[INFO]: Parsing an operation.
[INFO]: Operation parsing succeeded.
[INFO]: Valid syntax...
[INFO]: Valid semantics...
[INFO]: Characters are valid.
[INFO]: Parsing an operation.
[INFO]: Operation parsing succeeded.
[INFO]: Valid syntax...
[INFO]: Valid semantics...
[INFO]: Characters are valid.
[INFO]: Parsing a label.
[INFO]: Label parsing succeeded.
[INFO]: Handling a label...
[INFO]: Added symbol to table
[INFO]: Characters are valid.
[INFO]: Parsing an operation.
[INFO]: Operation parsing succeeded.
[INFO]: Valid syntax...
[INFO]: Valid semantics...
[INFO]: Processed a full line comment.
[INFO]: Handled a full line comment
[INFO]: Characters are valid.
[INFO]: Parsing an operation.
[INFO]: Operation parsing succeeded.
[INFO]: Valid syntax...
[INFO]: Valid semantics...
[INFO]: Characters are valid.
[INFO]: Parsing a label.
[INFO]: Label parsing succeeded.
[INFO]: Handling a label...
[INFO]: Added symbol to table
[INFO]: Characters are valid.
[INFO]: Parsing an operation.
[INFO]: Operation parsing succeeded.
[INFO]: Valid syntax...
[INFO]: Valid semantics...
[INFO]: Characters are valid.
[INFO]: Parsing an operation.
[INFO]: Operation parsing succeeded.
[INFO]: Valid syntax...
[INFO]: Valid semantics...
[INFO]: Characters are valid.
[INFO]: Parsing a label.
[INFO]: Label parsing succeeded.
[INFO]: Handling a label...
[INFO]: Added symbol to table
[INFO]: Characters are valid.
[INFO]: Parsing an operation.
[INFO]: Operation parsing succeeded.
[INFO]: Valid syntax...
[INFO]: Valid semantics...
[INFO]: Characters are valid.
[INFO]: Parsing an operation.
[INFO]: Operation parsing succeeded.
[INFO]: Valid syntax...
[INFO]: Valid semantics...
[INFO]: Characters are valid.
[INFO]: Parsing a label.
[INFO]: Label parsing succeeded.
[INFO]: Handling a label...
[INFO]: Added symbol to table
[INFO]: Characters are valid.
[INFO]: Parsing an operation.
[INFO]: Operation parsing succeeded.
[INFO]: Valid syntax...
[INFO]: Valid semantics...
[INFO]: Characters are valid.
[INFO]: Parsing an operation.
[INFO]: Operation parsing succeeded.
[INFO]: Valid syntax...
[INFO]: Valid semantics...
[INFO]: Processed a full line comment.
[INFO]: Handled a full line comment
[INFO]: Characters are valid.
[INFO]: Parsing a label.
[INFO]: Label parsing succeeded.
[INFO]: Handling a label again...
[INFO]: Characters are valid.
[INFO]: Parsing an operation.
[INFO]: Operation parsing succeeded.
[INFO]: Characters are valid.
[INFO]: Parsing an operation.
[INFO]: Operation parsing succeeded.
[INFO]: Characters are valid.
[INFO]: Parsing an operation.
[INFO]: Operation parsing succeeded.
[INFO]: Processed a full line comment.
[INFO]: Handled a full line comment
[INFO]: Characters are valid.
[INFO]: Parsing a label.
[INFO]: Label parsing succeeded.
[INFO]: Handling a label again...
[INFO]: Characters are valid.
[INFO]: Parsing an operation.
[INFO]: Operation parsing succeeded.
[INFO]: Characters are valid.
[INFO]: Parsing an operation.
[INFO]: Operation parsing succeeded.
[INFO]: Characters are valid.
[INFO]: Parsing an operation.
[INFO]: Operation parsing succeeded.
[INFO]: Processed a full line comment.
[INFO]: Handled a full line comment
[INFO]: Characters are valid.
[INFO]: Parsing an operation.
[INFO]: Operation parsing succeeded.
[INFO]: Processed a full line comment.
[INFO]: Handled a full line comment
[INFO]: Characters are valid.
[INFO]: Parsing an operation.
[INFO]: Operation parsing succeeded.
[INFO]: Processed a full line comment.
[INFO]: Handled a full line comment
[INFO]: Characters are valid.
[INFO]: Parsing an operation.
[INFO]: Operation parsing succeeded.
[INFO]: Characters are valid.
[INFO]: Parsing an operation.
[INFO]: Operation parsing succeeded.
[INFO]: Characters are valid.
[INFO]: Parsing an operation.
[INFO]: Operation parsing succeeded.
[INFO]: Characters are valid.
[INFO]: Parsing a label.
[INFO]: Label parsing succeeded.
[INFO]: Handling a label again...
[INFO]: Characters are valid.
[INFO]: Parsing an operation.
[INFO]: Operation parsing succeeded.
[INFO]: Processed a full line comment.
[INFO]: Handled a full line comment
[INFO]: Characters are valid.
[INFO]: Parsing an operation.
[INFO]: Operation parsing succeeded.
[INFO]: Characters are valid.
[INFO]: Parsing a label.
[INFO]: Label parsing succeeded.
[INFO]: Handling a label again...
[INFO]: Characters are valid.
[INFO]: Parsing an operation.
[INFO]: Operation parsing succeeded.
[INFO]: Characters are valid.
[INFO]: Parsing an operation.
[INFO]: Operation parsing succeeded.
[INFO]: Characters are valid.
[INFO]: Parsing a label.
[INFO]: Label parsing succeeded.
[INFO]: Handling a label again...
[INFO]: Characters are valid.
[INFO]: Parsing an operation.
[INFO]: Operation parsing succeeded.
[INFO]: Characters are valid.
[INFO]: Parsing an operation.
[INFO]: Operation parsing succeeded.
[INFO]: Characters are valid.
[INFO]: Parsing a label.
[INFO]: Label parsing succeeded.
[INFO]: Handling a label again...
[INFO]: Characters are valid.
[INFO]: Parsing an operation.
[INFO]: Operation parsing succeeded.
[INFO]: Characters are valid.
[INFO]: Parsing an operation.
[INFO]: Operation parsing succeeded.
