Date and Time : Thu Apr 23 17:39:29 2026

[INFO]: Characters are valid.
[INFO]: Parsing an operation.
[INFO]: Operation parsing succeeded.
[INFO]: Characters are valid.
[INFO]: Parsing an operation.
[INFO]: Operation parsing succeeded.
[INFO]: Characters are valid.
[INFO]: Parsing an operation.
[INFO]: Operation parsing succeeded.
[INFO]: Characters are valid.
[INFO]: Parsing an operation.
[INFO]: Operation parsing succeeded.
[INFO]: Characters are valid.
[INFO]: Parsing an operation.
[INFO]: Operation parsing succeeded.
[INFO]: Characters are valid.
[INFO]: Parsing an operation.
[INFO]: Operation parsing succeeded.
[INFO]: Characters are valid.
[INFO]: Parsing an operation.
[INFO]: Operation parsing succeeded.
[INFO]: Characters are valid.
[INFO]: Parsing an operation.
[INFO]: Operation parsing succeeded.
[INFO]: Characters are valid.
[INFO]: Parsing an operation.
[INFO]: Operation parsing succeeded.
[INFO]: Characters are valid.
[INFO]: Parsing an operation.
[INFO]: Operation parsing succeeded.
[INFO]: Characters are valid.
[INFO]: Parsing an operation.
[INFO]: Operation parsing succeeded.
[INFO]: Characters are valid.
[INFO]: Parsing an operation.
[INFO]: Operation parsing succeeded.
[INFO]: Characters are valid.
[INFO]: Parsing an operation.
[INFO]: Operation parsing succeeded.
[INFO]: Characters are valid.
[INFO]: Parsing an operation.
[INFO]: Operation parsing succeeded.
[INFO]: Characters are valid.
[INFO]: Parsing an operation.
[INFO]: Operation parsing succeeded.
[INFO]: Characters are valid.
[INFO]: Parsing an operation.
[INFO]: Operation parsing succeeded.
[INFO]: Characters are valid.
[INFO]: Parsing an operation.
[INFO]: Operation parsing succeeded.
[INFO]: Characters are valid.
[INFO]: Parsing an operation.
[INFO]: Operation parsing succeeded.
[INFO]: Characters are valid.
[INFO]: Parsing an operation.
[INFO]: Operation parsing succeeded.
[INFO]: Characters are valid.
[INFO]: Parsing an operation.
[INFO]: Operation parsing succeeded.
[INFO]: Characters are valid.
[INFO]: Parsing an operation.
[INFO]: Operation parsing succeeded.
[INFO]: Characters are valid.
[INFO]: Parsing an operation.
[INFO]: Operation parsing succeeded.
[INFO]: Characters are valid.
[INFO]: Parsing an operation.
[INFO]: Operation parsing succeeded.
[INFO]: Characters are valid.
[INFO]: Parsing an operation.
[INFO]: Operation parsing succeeded.
[INFO]: Characters are valid.
[INFO]: Parsing an operation.
[INFO]: Operation parsing succeeded.
[INFO]: Characters are valid.
[INFO]: Parsing an operation.
[INFO]: Operation parsing failed.
[INFO]: Characters are valid.
[INFO]: Parsing an operation.
[INFO]: Operation parsing failed.
[INFO]: Characters are valid.
[INFO]: Parsing an operation.
[INFO]: Operation parsing succeeded.
[INFO]: Characters are valid.
[INFO]: Parsing an operation.
[INFO]: Operation parsing succeeded.
[INFO]: Characters are valid.
[INFO]: Parsing an operation.
[INFO]: Operation parsing succeeded.
[INFO]: Characters are valid.
[INFO]: Parsing an operation.
[INFO]: Operation parsing succeeded.
[INFO]: Characters are valid.
[INFO]: Parsing an operation.
[INFO]: Operation parsing succeeded.
[INFO]: Characters are valid.
[INFO]: Parsing an operation.
[INFO]: Operation parsing succeeded.
[INFO]: Characters are valid.
[INFO]: Parsing an operation.
[INFO]: Operation parsing failed.
[INFO]: Characters are valid.
[INFO]: Parsing an operation.
[INFO]: Operation parsing succeeded.
[INFO]: Characters are valid.
[INFO]: Parsing an operation.
[INFO]: Operation parsing succeeded.
[INFO]: Characters are valid.
[INFO]: Parsing an operation.
[INFO]: Operation parsing succeeded.
[INFO]: Characters are valid.
[INFO]: Parsing an operation.
[INFO]: Operation parsing succeeded.
[INFO]: Characters are valid.
[INFO]: Parsing an operation.
[INFO]: Operation parsing succeeded.
[INFO]: Characters are valid.
[INFO]: Parsing an operation.
[INFO]: Operation parsing succeeded.
[INFO]: Characters are valid.
[INFO]: Parsing an operation.
[INFO]: Operation parsing succeeded.
[INFO]: Characters are valid.
[INFO]: Parsing an operation.
[INFO]: Operation parsing succeeded.
[INFO]: Characters are valid.
[INFO]: Parsing an operation.
[INFO]: Operation parsing succeeded.
[INFO]: Characters are valid.
[INFO]: Parsing an operation.
[INFO]: Operation parsing succeeded.
[INFO]: Characters are valid.
[INFO]: Parsing an operation.
[INFO]: Operation parsing succeeded.
[INFO]: Characters are valid.
[INFO]: Parsing an operation.
[INFO]: Operation parsing succeeded.
[INFO]: Characters are valid.
[INFO]: Parsing an operation.
[INFO]: Operation parsing succeeded.
[INFO]: Characters are valid.
[INFO]: Parsing an operation.
[INFO]: Operation parsing succeeded.
[INFO]: Characters are valid.
[INFO]: Parsing an operation.
[INFO]: Operation parsing succeeded.
[INFO]: Characters are valid.
[INFO]: Parsing an operation.
[INFO]: Operation parsing succeeded.
[INFO]: Characters are valid.
[INFO]: Parsing an operation.
[INFO]: Operation parsing succeeded.
[INFO]: Characters are valid.
[INFO]: Parsing an operation.
[INFO]: Operation parsing failed.
[INFO]: Characters are valid.
[INFO]: Parsing an operation.
[INFO]: Operation parsing failed.
[INFO]: Characters are valid.
[INFO]: Parsing an operation.
[INFO]: Operation parsing failed.
[INFO]: Characters are valid.
[INFO]: Parsing an operation.
[INFO]: Operation parsing failed.
[INFO]: Characters are valid.
[INFO]: Parsing an operation.
[INFO]: Operation parsing failed.
[INFO]: Characters are valid.
[INFO]: Parsing an operation.
[INFO]: Operation parsing succeeded.
[INFO]: Characters are valid.
[INFO]: Parsing an operation.
[INFO]: Operation parsing succeeded.
[INFO]: Characters are valid.
[INFO]: Parsing an operation.
[INFO]: Operation parsing succeeded.
[INFO]: Characters are valid.
[INFO]: Parsing an operation.
[INFO]: Operation parsing failed.
[INFO]: Characters are valid.
[INFO]: Parsing an operation.
[INFO]: Operation parsing succeeded.
[INFO]: Characters are valid.
[INFO]: Parsing an operation.
[INFO]: Operation parsing succeeded.
[INFO]: Characters are valid.
[INFO]: Parsing an operation.
[INFO]: Operation parsing succeeded.
[INFO]: Characters are valid.
[INFO]: Parsing an operation.
[INFO]: Operation parsing succeeded.
[INFO]: Characters are valid.
[INFO]: Parsing a label.
[ERROR]: Label parsing succeeded.
[INFO]: Characters are valid.
[INFO]: Parsing a label.
[ERROR]: Label parsing succeeded.
[INFO]: Characters are valid.
[INFO]: Parsing a label.
[ERROR]: Label parsing succeeded.
[INFO]: Characters are valid.
[INFO]: Parsing a label.
[ERROR]: Label parsing succeeded.
Date and Time : Thu Apr 23 17:46:41 2026

[INFO]: Characters are valid.
[INFO]: Parsing an operation.
[INFO]: Operation parsing succeeded.
[INFO]: Characters are valid.
[INFO]: Parsing an operation.
[INFO]: Operation parsing succeeded.
[INFO]: Characters are valid.
[INFO]: Parsing an operation.
[INFO]: Operation parsing succeeded.
[INFO]: Characters are valid.
[INFO]: Parsing an operation.
[INFO]: Operation parsing succeeded.
[INFO]: Characters are valid.
[INFO]: Parsing an operation.
[INFO]: Operation parsing succeeded.
[INFO]: Characters are valid.
[INFO]: Parsing an operation.
[INFO]: Operation parsing succeeded.
[INFO]: Characters are valid.
[INFO]: Parsing an operation.
[INFO]: Operation parsing succeeded.
[INFO]: Characters are valid.
[INFO]: Parsing an operation.
[INFO]: Operation parsing succeeded.
[INFO]: Characters are valid.
[INFO]: Parsing an operation.
[INFO]: Operation parsing succeeded.
[INFO]: Characters are valid.
[INFO]: Parsing an operation.
[INFO]: Operation parsing succeeded.
[INFO]: Characters are valid.
[INFO]: Parsing an operation.
[INFO]: Operation parsing succeeded.
[INFO]: Characters are valid.
[INFO]: Parsing an operation.
[INFO]: Operation parsing succeeded.
[INFO]: Characters are valid.
[INFO]: Parsing an operation.
[INFO]: Operation parsing succeeded.
[INFO]: Characters are valid.
[INFO]: Parsing an operation.
[INFO]: Operation parsing succeeded.
[INFO]: Characters are valid.
[INFO]: Parsing an operation.
[INFO]: Operation parsing succeeded.
[INFO]: Characters are valid.
[INFO]: Parsing an operation.
[INFO]: Operation parsing succeeded.
[INFO]: Characters are valid.
[INFO]: Parsing an operation.
[INFO]: Operation parsing succeeded.
[INFO]: Characters are valid.
[INFO]: Parsing an operation.
[INFO]: Operation parsing succeeded.
[INFO]: Characters are valid.
[INFO]: Parsing an operation.
[INFO]: Operation parsing succeeded.
[INFO]: Characters are valid.
[INFO]: Parsing an operation.
[INFO]: Operation parsing succeeded.
[INFO]: Characters are valid.
[INFO]: Parsing an operation.
[INFO]: Operation parsing succeeded.
[INFO]: Characters are valid.
[INFO]: Parsing an operation.
[INFO]: Operation parsing succeeded.
[INFO]: Characters are valid.
[INFO]: Parsing an operation.
[INFO]: Operation parsing succeeded.
[INFO]: Characters are valid.
[INFO]: Parsing an operation.
[INFO]: Operation parsing succeeded.
[INFO]: Characters are valid.
[INFO]: Parsing an operation.
[INFO]: Operation parsing succeeded.
[INFO]: Characters are valid.
[INFO]: Parsing an operation.
[ERROR]: Operation parsing failed.
[INFO]: Characters are valid.
[INFO]: Parsing an operation.
[ERROR]: Operation parsing failed.
[INFO]: Characters are valid.
[INFO]: Parsing an operation.
[INFO]: Operation parsing succeeded.
[INFO]: Characters are valid.
[INFO]: Parsing an operation.
[INFO]: Operation parsing succeeded.
[INFO]: Characters are valid.
[INFO]: Parsing an operation.
[INFO]: Operation parsing succeeded.
[INFO]: Characters are valid.
[INFO]: Parsing an operation.
[INFO]: Operation parsing succeeded.
[INFO]: Characters are valid.
[INFO]: Parsing an operation.
[INFO]: Operation parsing succeeded.
[INFO]: Characters are valid.
[INFO]: Parsing an operation.
[INFO]: Operation parsing succeeded.
[INFO]: Characters are valid.
[INFO]: Parsing an operation.
[ERROR]: Operation parsing failed.
[INFO]: Characters are valid.
[INFO]: Parsing an operation.
[INFO]: Operation parsing succeeded.
[INFO]: Characters are valid.
[INFO]: Parsing an operation.
[INFO]: Operation parsing succeeded.
[INFO]: Characters are valid.
[INFO]: Parsing an operation.
[INFO]: Operation parsing succeeded.
[INFO]: Characters are valid.
[INFO]: Parsing an operation.
[INFO]: Operation parsing succeeded.
[INFO]: Characters are valid.
[INFO]: Parsing an operation.
[INFO]: Operation parsing succeeded.
[INFO]: Characters are valid.
[INFO]: Parsing an operation.
[INFO]: Operation parsing succeeded.
[INFO]: Characters are valid.
[INFO]: Parsing an operation.
[INFO]: Operation parsing succeeded.
[INFO]: Characters are valid.
[INFO]: Parsing an operation.
[INFO]: Operation parsing succeeded.
[INFO]: Characters are valid.
[INFO]: Parsing an operation.
[INFO]: Operation parsing succeeded.
[INFO]: Characters are valid.
[INFO]: Parsing an operation.
[INFO]: Operation parsing succeeded.
[INFO]: Characters are valid.
[INFO]: Parsing an operation.
[INFO]: Operation parsing succeeded.
[INFO]: Characters are valid.
[INFO]: Parsing an operation.
[INFO]: Operation parsing succeeded.
[INFO]: Characters are valid.
[INFO]: Parsing an operation.
[INFO]: Operation parsing succeeded.
[INFO]: Characters are valid.
[INFO]: Parsing an operation.
[INFO]: Operation parsing succeeded.
[INFO]: Characters are valid.
[INFO]: Parsing an operation.
[INFO]: Operation parsing succeeded.
[INFO]: Characters are valid.
[INFO]: Parsing an operation.
[INFO]: Operation parsing succeeded.
[INFO]: Characters are valid.
[INFO]: Parsing an operation.
[INFO]: Operation parsing succeeded.
[INFO]: Characters are valid.
[INFO]: Parsing an operation.
[ERROR]: Operation parsing failed.
[INFO]: Characters are valid.
[INFO]: Parsing an operation.
[ERROR]: Operation parsing failed.
[INFO]: Characters are valid.
[INFO]: Parsing an operation.
[ERROR]: Operation parsing failed.
[INFO]: Characters are valid.
[INFO]: Parsing an operation.
[ERROR]: Operation parsing failed.
[INFO]: Characters are valid.
[INFO]: Parsing an operation.
[ERROR]: Operation parsing failed.
[INFO]: Characters are valid.
[INFO]: Parsing an operation.
[INFO]: Operation parsing succeeded.
[INFO]: Characters are valid.
[INFO]: Parsing an operation.
[INFO]: Operation parsing succeeded.
[INFO]: Characters are valid.
[INFO]: Parsing an operation.
[INFO]: Operation parsing succeeded.
[INFO]: Characters are valid.
[INFO]: Parsing an operation.
[ERROR]: Operation parsing failed.
[INFO]: Characters are valid.
[INFO]: Parsing an operation.
[INFO]: Operation parsing succeeded.
[INFO]: Characters are valid.
[INFO]: Parsing an operation.
[INFO]: Operation parsing succeeded.
[INFO]: Characters are valid.
[INFO]: Parsing an operation.
[INFO]: Operation parsing succeeded.
[INFO]: Characters are valid.
[INFO]: Parsing an operation.
[INFO]: Operation parsing succeeded.
[INFO]: Characters are valid.
[INFO]: Parsing a label.
[INFO]: Label parsing succeeded.
[INFO]: Characters are valid.
[INFO]: Parsing a label.
[INFO]: Label parsing succeeded.
[INFO]: Characters are valid.
[INFO]: Parsing a label.
[INFO]: Label parsing succeeded.
[INFO]: Characters are valid.
[INFO]: Parsing a label.
[INFO]: Label parsing succeeded.
